1525881659012	geckodriver	INFO	geckodriver 0.20.1
1525881659020	geckodriver	INFO	Listening on 127.0.0.1:61766
1525881662029	mozrunner::runner	INFO	Running command: "C:\\Program Files\\Mozilla Firefox\\firefox.exe" "-marionette" "-profile" "C:\\Users\\andre\\AppData\\Local\\Temp\\rust_mozprofile.JvVK4t9sq2b0"
Unable to read VR Path Registry from C:\Users\andre\AppData\Local\openvr\openvrpaths.vrpath
1525881662858	Marionette	INFO	Enabled via --marionette
Unable to read VR Path Registry from C:\Users\andre\AppData\Local\openvr\openvrpaths.vrpath
Unable to read VR Path Registry from C:\Users\andre\AppData\Local\openvr\openvrpaths.vrpath
Unable to read VR Path Registry from C:\Users\andre\AppData\Local\openvr\openvrpaths.vrpath
Unable to read VR Path Registry from C:\Users\andre\AppData\Local\openvr\openvrpaths.vrpath
1525881664594	Marionette	INFO	Listening on port 61774
1525881665138	Marionette	WARN	TLS certificate errors will be ignored for this session
[Parent 15172, Gecko_IOThread] WARNING: pipe error: 109: file z:/build/build/src/ipc/chromium/src/chrome/common/ipc_channel_win.cc, line 346
[Child 24196, Chrome_ChildThread] WARNING: pipe error: 109: file z:/build/build/src/ipc/chromium/src/chrome/common/ipc_channel_win.cc, line 346
[Child 24196, Chrome_ChildT[Parent 15172, Gecko_IOThread] WARNING: pipe error: 109: file z:/build/build/src/ipc/chromium/src/chrome/common/ipc_channel_win.cc, line 346

###!!! [Child][MessageChannel::SendAndWait] Error: Channel error: cannot send/recv

1525882523975	geckodriver	INFO	geckodriver 0.20.1
1525882523987	geckodriver	INFO	Listening on 127.0.0.1:62178
1525882526993	mozrunner::runner	INFO	Running command: "C:\\Program Files\\Mozilla Firefox\\firefox.exe" "-marionette" "-profile" "C:\\Users\\andre\\AppData\\Local\\Temp\\rust_mozprofile.IrjFBVbvh4FD"
Unable to read VR Path Registry from C:\Users\andre\AppData\Local\openvr\openvrpaths.vrpath
1525882527716	Marionette	INFO	Enabled via --marionette
Unable to read VR Path Registry from C:\Users\andre\AppData\Local\openvr\openvrpaths.vrpath
Unable to read VR Path Registry from C:\Users\andre\AppData\Local\openvr\openvrpaths.vrpath
Unable to read VR Path Registry from C:\Users\andre\AppData\Local\openvr\openvrpaths.vrpath
1525882529252	Marionette	INFO	Listening on port 62186
Unable to read VR Path Registry from C:\Users\andre\AppData\Local\openvr\openvrpaths.vrpath
1525882530116	Marionette	WARN	TLS certificate errors will be ignored for this session
[Child 5324, Chrome_ChildThread] WARNING: pipe error: 109: file z:/build/build/src/ipc/chromium/src/chrome/common/ipc_channel_win.cc, line 346
[Child 5324, Chrome_ChildThread] WAR[Child 19888, Chrome_ChildThread] WARNING: pipe error: 109: file z:/build/build/src/ipc/chromium/src/chrome/common/ipc_channel_win.cc, line 346
[Child 19888, Chrome_ChildT[Parent 12384, Gecko_IOThread] WARNING: pipe error: 109: file z:/build/build/src/ipc/chromium/src/chrome/common/ipc_channel_win.cc, line 346
[Child 9844, Chrome_ChildThread] WARNING: pipe error: 109: file z:/build/build/src/ipc/chromium/src/chrome/common/ipc_channel_win.cc, line 346
[Child 9844, Chrome_Chi
###!!! [Child][MessageChannel::SendAndWait] Error: Channel error: cannot send/recv

48	Marionette	INFO	Listening on port 62219
Unable to read VR Path Registry from C:\Users\andre\AppData\Local\openvr\openvrpaths.vrpath
1525882536390	Marionette	WARN	TLS certificate errors will be ignored for this session
[Parent 12484, Gecko_IOThread] WARNING: pipe error: 109: file z:/build/build/src/ipc/chromium/src/chrome/common/ipc_channel_win.cc, line 346
[Child 23380, Chrome_ChildThread] WARNING: pipe error: 109: file z:/build/build/src/ipc/chromium/src/chrome/common/ipc_channel_win.cc, line 346
[Child 23380, Chrome_Chi[Child 19044, Chrome_ChildThread] WARNING: pipe error: 109: file z:/build/build/src/ipc/chromium/src/chrome/common/ipc_channel_win.cc, line 346
[Child 19044, Chrome_ChildTh[Parent 12484, Gecko_IOThread] WARNING: pipe error: 109: file z:/build/build/src/ipc/chromium/src/chrome/common/ipc_channel_win.cc, line 346
[Child 11936, Chrome_ChildThread] WARNING: pipe error: 109: file z:/build/build/src/ipc/chromium/src/chrome/common/ipc_channel_win.cc, line 346
[Child 11936, Chrome_*** UTM:SVC TimerManager:registerTimer called after profile-before-change notification. Ignoring timer registration for id: telemetry_modules_ping

###!!! [Child][MessageChannel::SendAndWait] Error: Channel error: cannot send/recv

1526404614828	geckodriver	INFO	geckodriver 0.20.1
1526404614844	geckodriver	INFO	Listening on 127.0.0.1:49741
1526404617866	mozrunner::runner	INFO	Running command: "C:\\Program Files\\Mozilla Firefox\\firefox.exe" "-marionette" "-profile" "C:\\Users\\andre\\AppData\\Local\\Temp\\rust_mozprofile.VlEiZmJkw4it"
Unable to read VR Path Registry from C:\Users\andre\AppData\Local\openvr\openvrpaths.vrpath
1526404619844	Marionette	INFO	Enabled via --marionette
Unable to read VR Path Registry from C:\Users\andre\AppData\Local\openvr\openvrpaths.vrpath
Unable to read VR Path Registry from C:\Users\andre\AppData\Local\openvr\openvrpaths.vrpath
Unable to read VR Path Registry from C:\Users\andre\AppData\Local\openvr\openvrpaths.vrpath
Unable to read VR Path Registry from C:\Users\andre\AppData\Local\openvr\openvrpaths.vrpath
1526404621428	Marionette	INFO	Listening on port 49750
1526404621554	Marionette	WARN	TLS certificate errors will be ignored for this session
[Parent 6016, Gecko_IOThread] WARNING: pipe error: 109: file z:/build/build/src/ipc/chromium/src/chrome/common/ipc_channel_win.cc, line 346
[Parent 6016, Gecko_IOThread] WARNING: pipe error: 109: file z:/build/build/src/ipc/chromium/src/chrome/common/ipc_channel_win.cc, line 346
[Child 10020, Chrome_ChildThread] WARNING: pipe error: 109: file z:/build/build/src/ipc/chromium/src/chrome/common/ipc_channel_win.cc, line 346
[Child 10020, Chr[Child 860, Chrome_ChildThread] WARNING: pipe error: 109: file z:/build/build/src/ipc/chromium/src/chrome/common/ipc_channel_win.cc, line 346
[Child 860, Chrome_ChildT
###!!! [Child][MessageChannel::SendAndWait] Error: Channel error: cannot send/recv

Data\Local\openvr\openvrpaths.vrpath
Unable to read VR Path Registry from C:\Users\andre\AppData\Local\openvr\openvrpaths.vrpath
1526404626790	Marionette	INFO	Listening on port 49785
1526404626828	Marionette	WARN	TLS certificate errors will be ignored for this session
[Child 5628, Chrome_ChildThread] WARNING: pipe error: 109: file z:/build/build/src/ipc/chromium/src/chrome/common/ipc_channel_win.cc, line 346
[Child 5628, Chrome_ChildThreaIPDL protocol error: Handler returned error code!

###!!! [Parent][DispatchAsyncMessage] Error: PLayerTransaction::Msg_ReleaseLayer Processing error: message was deserialized, but the handler returned false (indicating failure)

IPDL protocol error: Handler returned error code!

###!!! [Parent][DispatchAsyncMessage] Error: PLayerTransaction::Msg_ReleaseLayer Processing error: message was deserialized, but the handler returned false (indicating failure)

IPDL protocol error: Handler returned error code!

###!!! [Parent][DispatchAsyncMessage] Error: PLayerTransaction::Msg_ReleaseLayer Processing error: message was deserialized, but the handler returned false (indicating failure)

IPDL protocol error: Handler returned error code!

###!!! [Parent][DispatchAsyncMessage] Error: PLayerTransaction::Msg_ReleaseLayer Processing error: message was deserialized, but the handler returned false (indicating failure)

[Parent 20324, Gecko_IOThread] WARNING: pipe error: 109: file z:/build/build/src/ipc/chromium/src/chrome/common/ipc_channel_win.cc, line 346
[Child 2460, Chrome_ChildThread] WARNING: pipe error: 109: file z:/build/build/src/ipc/chromium/src/chrome/common/ipc_channel_win.cc, line 346
[Child 2460, Chrome_ChildThread] [Parent 20324, Gecko_IOThread] WARNING: pipe error: 109: file z:/build/build/src/ipc/chromium/src/chrome/common/ipc_channel_win.cc, line 346
*** UTM:SVC TimerManager:registerTimer called after profile-before-change notification. Ignoring timer registration for id: telemetry_modules_ping

###!!! [Child][MessageChannel::SendAndWait] Error: Channel error: cannot send/recv

1526404981255	geckodriver	INFO	geckodriver 0.20.1
1526404981275	geckodriver	INFO	Listening on 127.0.0.1:49887
1526404984317	mozrunner::runner	INFO	Running command: "C:\\Program Files\\Mozilla Firefox\\firefox.exe" "-marionette" "-profile" "C:\\Users\\andre\\AppData\\Local\\Temp\\rust_mozprofile.5VhwGyxOt2nc"
Unable to read VR Path Registry from C:\Users\andre\AppData\Local\openvr\openvrpaths.vrpath
1526404984852	Marionette	INFO	Enabled via --marionette
Unable to read VR Path Registry from C:\Users\andre\AppData\Local\openvr\openvrpaths.vrpath
Unable to read VR Path Registry from C:\Users\andre\AppData\Local\openvr\openvrpaths.vrpath
Unable to read VR Path Registry from C:\Users\andre\AppData\Local\openvr\openvrpaths.vrpath
Unable to read VR Path Registry from C:\Users\andre\AppData\Local\openvr\openvrpaths.vrpath
1526404986358	Marionette	INFO	Listening on port 49895
1526404987476	Marionette	WARN	TLS certificate errors will be ignored for this session
[Parent 3924, Gecko_IOThread] WARNING: pipe error: 109: file z:/build/build/src/ipc/chromium/src/chrome/common/ipc_channel_win.cc, line 346
[Child 8408, Chrome_ChildThread] WARNING: pipe error: 109: file z:/build/build/src/ipc/chromium/src/chrome/common/ipc_channel_win.cc, line 346
[Child 16316, Chrome_ChildThread] WARNING: pipe error: 109: file z:/build/build/src/ipc/chromium/src/chrome/common/ipc_channel_win.cc, line 346
[Parent 3924, Gecko_IOThread] WARNING: pipe error: 109: file z:/build/build/src/ipc/chromium/src/chrome/common/ipc_channel_win.cc, line 346
[Child 19244, Chrome_ChildThread] WARNING: pipe error: 109: file z:/build/build/src/ipc/chromium/src/chrome/common/ipc_channel_win.cc, line 346
[Child 19244, Chrome_ChildThr*** UTM:SVC TimerManager:registerTimer called after profile-before-change notification. Ignoring timer registration for id: telemetry_modules_ping

###!!! [Child][MessageChannel::SendAndWait] Error: Channel error: cannot send/recv

8800, Chrome_ChildThread] WARNING: pipe error: 109: file z:/build/build/src/ipc/chromium/src/chrome/common/ipc_channel_win.cc, line 346
[Parent 17496, Gecko_IOThread] WARNING: pipe error: 109: file z:/build/build/src/ipc/chromium/src/chrome/common/ipc_channel_win.cc, line 346
[Parent 17496, Gecko_IOThread] WARNING: pipe error: 109: file z:/build/build/src/ipc/chromium/src/chrome/common/ipc_channel_win.cc, line 346
[Child 20204, Chrome_ChildThread] WARNING: pipe error: 109: file z:/build/build/src/ipc/chromium/src/chrome/common/ipc_channel_win.cc, line 346
[Child 20204, Chrome_Child*** UTM:SVC TimerManager:registerTimer called after profile-before-change notification. Ignoring timer registration for id: telemetry_modules_ping

###!!! [Child][MessageChannel::SendAndWait] Error: Channel error: cannot send/recv

1526405641853	geckodriver	INFO	geckodriver 0.20.1
1526405641853	geckodriver	INFO	Listening on 127.0.0.1:50197
1526405644876	mozrunner::runner	INFO	Running command: "C:\\Program Files\\Mozilla Firefox\\firefox.exe" "-marionette" "-profile" "C:\\Users\\andre\\AppData\\Local\\Temp\\rust_mozprofile.WA085UNLc6xb"
Unable to read VR Path Registry from C:\Users\andre\AppData\Local\openvr\openvrpaths.vrpath
1526405645420	Marionette	INFO	Enabled via --marionette
Unable to read VR Path Registry from C:\Users\andre\AppData\Local\openvr\openvrpaths.vrpath
Unable to read VR Path Registry from C:\Users\andre\AppData\Local\openvr\openvrpaths.vrpath
Unable to read VR Path Registry from C:\Users\andre\AppData\Local\openvr\openvrpaths.vrpath
Unable to read VR Path Registry from C:\Users\andre\AppData\Local\openvr\openvrpaths.vrpath
1526405646888	Marionette	INFO	Listening on port 50205
1526405647008	Marionette	WARN	TLS certificate errors will be ignored for this session
[Child 13412, Chrome_ChildThread] WARNING: pipe error: 109: file z:/build/build/src/ipc/chromium/src/chrome/common/ipc_channel_win.cc, line 346
[Child 13412, Chrome_ChildThread] WARN[Parent 20412, Gecko_IOThread] WARNING: pipe error: 109: file z:/build/build/src/ipc/chromium/src/chrome/common/ipc_channel_win.cc, line 346
[Child 12260, Chrome_ChildThread] WARNING: pipe error: 109: file z:/build/build/src/ipc/chromium/src/chrome/common/ipc_channel_win.cc, line 346
[Child 12260, Chrome_ChildTh[Parent 20412, Gecko_IOThread] WARNING: pipe error: 109: file z:/build/build/src/ipc/chromium/src/chrome/common/ipc_channel_win.cc, line 346
*** UTM:SVC TimerManager:registerTimer called after profile-before-change notification. Ignoring timer registration for id: telemetry_modules_ping

###!!! [Child][MessageChannel::SendAndWait] Error: Channel error: cannot send/recv

1526407067603	geckodriver	INFO	geckodriver 0.20.1
1526407067603	geckodriver	INFO	Listening on 127.0.0.1:50799
1526407143372	geckodriver	INFO	geckodriver 0.20.1
1526407143381	geckodriver	INFO	Listening on 127.0.0.1:50882
1526407146398	mozrunner::runner	INFO	Running command: "C:\\Program Files\\Mozilla Firefox\\firefox.exe" "-marionette" "-profile" "C:\\Users\\andre\\AppData\\Local\\Temp\\rust_mozprofile.hJRlVnlxked0"
Unable to read VR Path Registry from C:\Users\andre\AppData\Local\openvr\openvrpaths.vrpath
Unable to read VR Path Registry from C:\Users\andre\AppData\Local\openvr\openvrpaths.vrpath
Unable to read VR Path Registry from C:\Users\andre\AppData\Local\openvr\openvrpaths.vrpath
Unable to read VR Path Registry from C:\Users\andre\AppData\Local\openvr\openvrpaths.vrpath
Unable to read VR Path Registry from C:\Users\andre\AppData\Local\openvr\openvrpaths.vrpath
1526407148853	Marionette	INFO	Listening on port 50890
1526407149579	Marionette	WARN	TLS certificate errors will be ignored for this session
[Parent 18860, Gecko_IOThread] WARNING: pipe error: 109: file z:/build/build/src/ipc/chromium/src/chrome/common/ipc_channel_win.cc, line 346
[Child 15484, Chrome_ChildThread] WARNING: pipe error: 109: file z:/build/build/src/ipc/chromium/src/chrome/common/ipc_channel_win.cc, line 346
[Child 15484, Chrome_ChildThread[Parent 18860, Gecko_IOThread] WARNING: pipe error: 109: file z:/build/build/src/ipc/chromium/src/chrome/common/ipc_channel_win.cc, line 346
*** UTM:SVC TimerManager:registerTimer called after profile-before-change notification. Ignoring timer registration for id: telemetry_modules_ping

###!!! [Child][MessageChannel::SendAndWait] Error: Channel error: cannot send/recv

1526407847236	geckodriver	INFO	geckodriver 0.20.1
1526407847236	geckodriver	INFO	Listening on 127.0.0.1:51060
1526407850290	mozrunner::runner	INFO	Running command: "C:\\Program Files\\Mozilla Firefox\\firefox.exe" "-marionette" "-profile" "C:\\Users\\andre\\AppData\\Local\\Temp\\rust_mozprofile.z9nKCXNAgWXv"
Unable to read VR Path Registry from C:\Users\andre\AppData\Local\openvr\openvrpaths.vrpath
Unable to read VR Path Registry from C:\Users\andre\AppData\Local\openvr\openvrpaths.vrpath
Unable to read VR Path Registry from C:\Users\andre\AppData\Local\openvr\openvrpaths.vrpath
Unable to read VR Path Registry from C:\Users\andre\AppData\Local\openvr\openvrpaths.vrpath
Unable to read VR Path Registry from C:\Users\andre\AppData\Local\openvr\openvrpaths.vrpath
1526407852375	Marionette	INFO	Listening on port 51068
1526407853437	Marionette	WARN	TLS certificate errors will be ignored for this session
[Parent 14256, Gecko_IOThread] WARNING: pipe error: 109: file z:/build/build/src/ipc/chromium/src/chrome/common/ipc_channel_win.cc, line 346
[Parent 14256, Gecko_IOThread] WARNING: pipe error: 109: file z:/build/build/src/ipc/chromium/src/chrome/common/ipc_channel_win.cc, line 346
[Child 5964, Chrome_ChildThread] WARNING: pipe error: 109: file z:/build/build/src/ipc/chromium/src/chrome/common/ipc_channel_win.cc, line 346
[Child 5964, Chrome_ChildThread] WARNING: pipe error: 109: file z:/build/build/src/ipc/chromium/src/chrome/common/ipc_channel_win.cc, line 346
[Child 5988, Chrome_ChildThread] WARNING: pipe error: 109: file z:/build/build/src/ipc/chromium/src/chrome/common/ipc_channel_win.cc, line 346
[Child 5988, Chrome_ChildThread] WARNING: pipe error: 109: file z:/build/build/src/ipc/chromium/src/chrome/common/ipc_channel_win.cc, line 346
[Parent 14256, Gecko_IOThread] WARNING: pipe error: 109: file z:/build/build/src/ipc/chromium/src/chrome/common/ipc_channel_win.cc, line 346
[Child 5232, Chrome_ChildThread] WARNING: pipe error: 109: file z:/build/build/src/ipc/chromium/src/chrome/common/ipc_channel_win.cc, line 346
[Child 5232, Chrome_ChildThread] WA*** UTM:SVC TimerManager:registerTimer called after profile-before-change notification. Ignoring timer registration for id: telemetry_modules_ping

###!!! [Child][MessageChannel::SendAndWait] Error: Channel error: cannot send/recv

1526407948398	geckodriver	INFO	geckodriver 0.20.1
1526407948420	geckodriver	INFO	Listening on 127.0.0.1:51100
1526407951444	mozrunner::runner	INFO	Running command: "C:\\Program Files\\Mozilla Firefox\\firefox.exe" "-marionette" "-profile" "C:\\Users\\andre\\AppData\\Local\\Temp\\rust_mozprofile.e46b7K4hdQza"
Unable to read VR Path Registry from C:\Users\andre\AppData\Local\openvr\openvrpaths.vrpath
Unable to read VR Path Registry from C:\Users\andre\AppData\Local\openvr\openvrpaths.vrpath
Unable to read VR Path Registry from C:\Users\andre\AppData\Local\openvr\openvrpaths.vrpath
Unable to read VR Path Registry from C:\Users\andre\AppData\Local\openvr\openvrpaths.vrpath
Unable to read VR Path Registry from C:\Users\andre\AppData\Local\openvr\openvrpaths.vrpath
1526407953522	Marionette	INFO	Listening on port 51109
1526407954627	Marionette	WARN	TLS certificate errors will be ignored for this session
[Child 2268, Chrome_ChildThread] WARNING: pipe error: 109: file z:/build/build/src/ipc/chromium/src/chrome/common/ipc_channel_win.cc, line 346
[Child 2268, Chrome_ChildThread] WARNING: pipe error: 109: file z:/build/build/sr[Child 19644, Chrome_ChildThread] WARNING: pipe error: 109: file z:/build/build/src/ipc/chromium/src/chrome/common/ipc_channel_win.cc, line 346
[Child 19644, Chrome_[Parent 5672, Gecko_IOThread] WARNING: pipe error: 109: file z:/build/build/src/ipc/chromium/src/chrome/common/ipc_channel_win.cc, line 346

###!!! [Child][MessageChannel::SendAndWait] Error: Channel error: cannot send/recv

 from C:\Users\andre\AppData\Local\openvr\openvrpaths.vrpath
Unable to read VR Path Registry from C:\Users\andre\AppData\Local\openvr\openvrpaths.vrpath
1526407959911	Marionette	INFO	Listening on port 51139
1526407960921	Marionette	WARN	TLS certificate errors will be ignored for this session
[Parent 13724, Gecko_IOThread] WARNING: pipe error: 109: file z:/build/build/src/ipc/chromium/src/chrome/common/ipc_channel_win.cc, line 346
[Child 8248, Chrome_ChildThread] WARNING: pipe error: 109: file z:/build/build/src/ipc/chromium/src/chrome/common/ipc_channel_win.cc, line 346
[Child 8248, Chrome_ChildThread] IPDL protocol error: Handler returned error code!

###!!! [Parent][DispatchAsyncMessage] Error: PLayerTransaction::Msg_ReleaseLayer Processing error: message was deserialized, but the handler returned false (indicating failure)

IPDL protocol error: Handler returned error code!

###!!! [Parent][DispatchAsyncMessage] Error: PLayerTransaction::Msg_ReleaseLayer Processing error: message was deserialized, but the handler returned false (indicating failure)

IPDL protocol error: Handler returned error code!

###!!! [Parent][DispatchAsyncMessage] Error: PLayerTransaction::Msg_ReleaseLayer Processing error: message was deserialized, but the handler returned false (indicating failure)

IPDL protocol error: Handler returned error code!

###!!! [Parent][DispatchAsyncMessage] Error: PLayerTransaction::Msg_ReleaseLayer Processing error: message was deserialized, but the handler returned false (indicating failure)

[Parent 13724, Gecko_IOThread] WARNING: pipe error: 109: file z:/build/build/src/ipc/chromium/src/chrome/common/ipc_channel_win.cc, line 346
[Child 18056, Chrome_ChildThread] WARNING: pipe error: 109: file z:/build/build/src/ipc/chromium/src/chrome/common/ipc_channel_win.cc, line 346
[Child 18056, Chr[Parent 13724, Gecko_IOThread] WARNING: pipe error: 109: file z:/build/build/src/ipc/chromium/src/chrome/common/ipc_channel_win.cc, line 346
*** UTM:SVC TimerManager:registerTimer called after profile-before-change notification. Ignoring timer registration for id: telemetry_modules_ping

###!!! [Child][MessageChannel::SendAndWait] Error: Channel error: cannot send/recv

1526408018897	geckodriver	INFO	geckodriver 0.20.1
1526408018912	geckodriver	INFO	Listening on 127.0.0.1:51171
1526408021970	mozrunner::runner	INFO	Running command: "C:\\Program Files\\Mozilla Firefox\\firefox.exe" "-marionette" "-profile" "C:\\Users\\andre\\AppData\\Local\\Temp\\rust_mozprofile.poR744ZarODy"
Unable to read VR Path Registry from C:\Users\andre\AppData\Local\openvr\openvrpaths.vrpath
Unable to read VR Path Registry from C:\Users\andre\AppData\Local\openvr\openvrpaths.vrpath
Unable to read VR Path Registry from C:\Users\andre\AppData\Local\openvr\openvrpaths.vrpath
Unable to read VR Path Registry from C:\Users\andre\AppData\Local\openvr\openvrpaths.vrpath
Unable to read VR Path Registry from C:\Users\andre\AppData\Local\openvr\openvrpaths.vrpath
1526408024092	Marionette	INFO	Listening on port 51179
1526408025128	Marionette	WARN	TLS certificate errors will be ignored for this session
[Child 11228, Chrome_ChildThread] WARNING: pipe error: 109: file z:/build/build/src/ipc/chromium/src/chrome/common/ipc_channel_win.cc, line 346[Child 11280, Chrome_ChildThread] WARNING: pipe 
error: 109: file z:/build/build/src/ipc/chromium/src/chrome/common/ipc_channel_win.cc, line 346
[Child 11280, Chr[Parent 13660, Gecko_IOThread] WARNING: pipe error: 109: file z:/build/build/src/ipc/chromium/src/chrome/common/ipc_channel_win.cc, line 346
[Child 19116, Chrome_ChildThread] WARNING: pipe error: 109: file z:/build/build/src/ipc/chromium/src/chrome/common/ipc_channel_win.cc, line 346
[Child 19116, Chrome_ChildThread] WARNING: pipe error: 109: file z:/build/build
###!!! [Child][MessageChannel::SendAndWait] Error: Channel error: cannot send/recv

egistry from C:\Users\andre\AppData\Local\openvr\openvrpaths.vrpath
1526408031373	Marionette	WARN	TLS certificate errors will be ignored for this session
[Child 12488, Chrome_ChildThread] WARNING: pipe error: 109: file z:/build/build/src/ipc/chromium/src/chrome/common/ipc_channel_win.cc, line 346
[Child 12488, Chrome[Parent 14360, Gecko_IOThread] WARNING: pipe error: 109: file z:/build/build/src/ipc/chromium/src/chrome/common/ipc_channel_win.cc, line 346
[Child 17428, Chrome_ChildThread] WARNING: pipe error: 109: file z:/build/build/src/ipc/chromium/src/chrome/common/ipc_channel_win.cc, line 346
[Child 17428, [Parent 14360, Gecko_IOThread] WARNING: pipe error: 109: file z:/build/build/src/ipc/chromium/src/chrome/common/ipc_channel_win.cc, line 346
[Child 17988, Chrome_ChildThread] WARNING: pipe error: 109: file z:/build/build/src/ipc/chromium/src/chrome/common/ipc_channel_win.cc, line 346
[Child 17988, Chrome_ChildThread] WARNING: pipe error: 109: file z:/build/build/src/ipc/chromium/src/chrome/common/ipc_channel_win.cc, line 346
*** UTM:SVC TimerManager:registerTimer called after profile-before-change notification. Ignoring timer registration for id: telemetry_modules_ping
[GPU 9340, Chrome_ChildThread] WARNING: pipe error: 109: file z:/build/build/src/ipc/chromium/src/chrome/common/ipc_channel_win.cc, line 346

###!!! [Child][MessageChannel::SendAndWait] Error: Channel error: cannot send/recv

1526411977374	geckodriver	INFO	geckodriver 0.20.1
1526411977383	geckodriver	INFO	Listening on 127.0.0.1:52035
1526411980389	mozrunner::runner	INFO	Running command: "C:\\Program Files\\Mozilla Firefox\\firefox.exe" "-marionette" "-profile" "C:\\Users\\andre\\AppData\\Local\\Temp\\rust_mozprofile.xYPfPMoB67jR"
Unable to read VR Path Registry from C:\Users\andre\AppData\Local\openvr\openvrpaths.vrpath
Unable to read VR Path Registry from C:\Users\andre\AppData\Local\openvr\openvrpaths.vrpath
Unable to read VR Path Registry from C:\Users\andre\AppData\Local\openvr\openvrpaths.vrpath
Unable to read VR Path Registry from C:\Users\andre\AppData\Local\openvr\openvrpaths.vrpath
Unable to read VR Path Registry from C:\Users\andre\AppData\Local\openvr\openvrpaths.vrpath
1526411983412	Marionette	INFO	Listening on port 52043
1526411983546	Marionette	WARN	TLS certificate errors will be ignored for this session
[Parent 17428, Gecko_IOThread] WARNING: pipe error: 109: file z:/build/build/src/ipc/chromium/src/chrome/common/ipc_channel_win.cc, line 346
[Child 4648, Chrome_ChildThread] WARNING: pipe error: 109: file z:/build/build/src/ipc/chromium/src/chrome/common/ipc_channel_win.cc, line 346
[Child 4648, Chrome_C[Child 14456, Chrome_ChildThread] WARNING: pipe error: 109: file z:/build/build/src/ipc/chromium/src/chrome/common/ipc_channel_win.cc, line 346
[Child 144[Parent 17428, Gecko_IOThread] WARNING: pipe error: 109: file z:/build/build/src/ipc/chromium/src/chrome/common/ipc_channel_win.cc, line 346
[Child 10440, Chrome_ChildThread] WARNING: pipe error: 109: file z:/build/build/src/ipc/chromium/src/chrome/common/ipc_channel_win.cc, line 346
[Child 10440, Chrome_ChildThread] WARNING: pipe
###!!! [Child][MessageChannel::SendAndWait] Error: Channel error: cannot send/recv

ill be ignored for this session
[Parent 6856, Gecko_IOThread] WARNING: pipe error: 109: file z:/build/build/src/ipc/chromium/src/chrome/common/ipc_channel_win.cc, line 346
[Child 15912, Chrome_ChildThread] WARNING: pipe error: 109: file z:/build/build/src/ipc/chromium/src/chrome/common/ipc_channel_win.cc, line 346
[Child 15912, Chrome_ChildThread] WARNING: pipe error: 109: file z:/build/build/src/ipc/chromium/src/chrome/common/ipc_channel_win.cc, line 346
[Parent 6856, Gecko_IOThread] WARNING: pipe error: 109: file z:/build/build/src/ipc/chromium/src/chrome/common/ipc_channel_win.cc, line 346
[Child 5024, Chrome_ChildThread] WARNING: pipe error: 109: file z:/build/build/src/ipc/chromium/src/chrome/common/ipc_channel_win.cc, line 346
[Child 5024, Chrome_ChildThread] WARNING: pipe error: 109: file z:/build/build/src/ipc/chromium/src/chrome/common/ipc_channel_win.cc, line 346
[Parent 6856, Gecko_IOThread] WARNING: pipe error: 109: file z:/build/build/src/ipc/chromium/src/chrome/common/ipc_channel_win.cc, line 346
[Child 18752, Chrome_ChildThread] WARNING: pipe error: 109: file z:/build/build/src/ipc/chromium/src/chrome/common/ipc_channel_win.cc, line 346
[Child 18752, Chrome_ChildThread] WARNING: pipe *** UTM:SVC TimerManager:registerTimer called after profile-before-change notification. Ignoring timer registration for id: telemetry_modules_ping

###!!! [Child][MessageChannel::SendAndWait] Error: Channel error: cannot send/recv

1526413114550	geckodriver	INFO	geckodriver 0.20.1
1526413114566	geckodriver	INFO	Listening on 127.0.0.1:52262
1526413117568	mozrunner::runner	INFO	Running command: "C:\\Program Files\\Mozilla Firefox\\firefox.exe" "-marionette" "-profile" "C:\\Users\\andre\\AppData\\Local\\Temp\\rust_mozprofile.6vAHqVvnOkiG"
Unable to read VR Path Registry from C:\Users\andre\AppData\Local\openvr\openvrpaths.vrpath
Unable to read VR Path Registry from C:\Users\andre\AppData\Local\openvr\openvrpaths.vrpath
Unable to read VR Path Registry from C:\Users\andre\AppData\Local\openvr\openvrpaths.vrpath
Unable to read VR Path Registry from C:\Users\andre\AppData\Local\openvr\openvrpaths.vrpath
Unable to read VR Path Registry from C:\Users\andre\AppData\Local\openvr\openvrpaths.vrpath
1526413120003	Marionette	INFO	Listening on port 52270
1526413120771	Marionette	WARN	TLS certificate errors will be ignored for this session
[Parent 13760, Gecko_IOThread] WARNING: pipe error: 109: file z:/build/build/src/ipc/chromium/src/chrome/common/ipc_channel_win.cc, line 346
[Parent 13760, Gecko_IOThread] WARNING: pipe error: 109: file z:/build/build/src/ipc/chromium/src/chrome/common/ipc_channel_win.cc, line 346
[Child 18688, Chrome_ChildThread] WARNING: pipe error: 109: file z:/build/build/src/ipc/chromium/src/chrome/common/ipc_channel_win.cc, line 346
[Child 18688, Chrome_ChildThread] WARNING: pipe error: 109: file z:/build/build/src/ipc/chromium/src/chrome/common/ipc_channel_win.cc, line 346
[Child 14032, Chrome_ChildThread] WARNING: pipe error: 109: file z:/build/build/src/ipc/chromium/src/chrome/common/ipc_channel_win.cc, line 346
[Child 14032, Chrome_ChildThread] WARNING: pipe error: 109: file z:/build/build/src/ipc/chromium/src/chrome/common/ipc_channel_win.cc, line 346

###!!! [Child][MessageChannel::SendAndWait] Error: Channel error: cannot send/recv

NG: pipe error: 109: file z:/build/build/src/ipc/chromium/src/chrome/common/ipc_channel_win.cc, line 346
[Child 10792, Chrome_ChildThread] WARNING: pipe error: 109: file z:/build/build/src/ipc/chromium/src/chrome/common/ipc_channel_win.cc, line 346
[Child 10792[Parent 1576, Gecko_IOThread] WARNING: pipe error: 109: file z:/build/build/src/ipc/chromium/src/chrome/common/ipc_channel_win.cc, line 346
[Child 11172, Chrome_ChildThread] WARNING: pipe error: 109: file z:/build/build/src/ipc/chromium/src/chrome/common/ipc_channel_win.cc, line 346
[Child 11172, Chrome_ChildTh*** UTM:SVC TimerManager:registerTimer called after profile-before-change notification. Ignoring timer registration for id: telemetry_modules_ping

###!!! [Child][MessageChannel::SendAndWait] Error: Channel error: cannot send/recv

1526413284454	geckodriver	INFO	geckodriver 0.20.1
1526413284454	geckodriver	INFO	Listening on 127.0.0.1:52358
1526413287519	mozrunner::runner	INFO	Running command: "C:\\Program Files\\Mozilla Firefox\\firefox.exe" "-marionette" "-profile" "C:\\Users\\andre\\AppData\\Local\\Temp\\rust_mozprofile.9RbO60P7o7se"
Unable to read VR Path Registry from C:\Users\andre\AppData\Local\openvr\openvrpaths.vrpath
Unable to read VR Path Registry from C:\Users\andre\AppData\Local\openvr\openvrpaths.vrpath
Unable to read VR Path Registry from C:\Users\andre\AppData\Local\openvr\openvrpaths.vrpath
Unable to read VR Path Registry from C:\Users\andre\AppData\Local\openvr\openvrpaths.vrpath
Unable to read VR Path Registry from C:\Users\andre\AppData\Local\openvr\openvrpaths.vrpath
1526413289871	Marionette	INFO	Listening on port 52366
1526413290705	Marionette	WARN	TLS certificate errors will be ignored for this session
[Parent 14340, Gecko_IOThread] WARNING: pipe error: 109: file z:/build/build/src/ipc/chromium/src/chrome/common/ipc_channel_win.cc, line 346
[Parent 14340, Gecko_IOThread] WARNING: pipe error: 109: file z:/build/build/src/ipc/chromium/src/chrome/common/ipc_channel_win.cc, line 346
[Child 13864, Chrome_ChildThread] WARNING: pipe error: 109: file z:/build/build/src/ipc/chromium/src/chrome/common/ipc_channel_win.cc, line 346
[Child 13864, Chrome_ChildThread] WARNING: pipe error: 109: file z:/build/bu[Child 2144, Chrome_ChildThread] WARNING: pipe error: 109: file z:/build/build/src/ipc/chromium/src/chrome/common/ipc_channel_win.cc, line 346
[Child 2144, Chro[Parent 14340, Gecko_IOThread] WARNING: pipe error: 109: file z:/build/build/src/ipc/chromium/src/chrome/common/ipc_channel_win.cc, line 346
[GPU 13316, Chrome_ChildT
###!!! [Child][MessageChannel::SendAndWait] Error: Channel error: cannot send/recv

ld 10616, Chrome_ChildThread] WARNING: pipe error: 109: file z:/build/build/src/ipc/chromium/src/chrome/common/ipc_channel_win.cc, line 346
[Child 10616, Chrome_ChildThread] WARNING: pipe error: 109: file z:/bui[Parent 10396, Gecko_IOThread] WARNING: pipe error: 109: file z:/build/build/src/ipc/chromium/src/chrome/common/ipc_channel_win.cc, line 346
*** UTM:SVC TimerManager:registerTimer called after profile-before-change notification. Ignoring timer registration for id: telemetry_modules_ping

###!!! [Child][MessageChannel::SendAndWait] Error: Channel error: cannot send/recv

1526413358269	geckodriver	INFO	geckodriver 0.20.1
1526413358269	geckodriver	INFO	Listening on 127.0.0.1:52431
1526413361302	mozrunner::runner	INFO	Running command: "C:\\Program Files\\Mozilla Firefox\\firefox.exe" "-marionette" "-profile" "C:\\Users\\andre\\AppData\\Local\\Temp\\rust_mozprofile.t5UOkbXw0InH"
Unable to read VR Path Registry from C:\Users\andre\AppData\Local\openvr\openvrpaths.vrpath
Unable to read VR Path Registry from C:\Users\andre\AppData\Local\openvr\openvrpaths.vrpath
Unable to read VR Path Registry from C:\Users\andre\AppData\Local\openvr\openvrpaths.vrpath
Unable to read VR Path Registry from C:\Users\andre\AppData\Local\openvr\openvrpaths.vrpath
Unable to read VR Path Registry from C:\Users\andre\AppData\Local\openvr\openvrpaths.vrpath
1526413363633	Marionette	INFO	Listening on port 52439
1526413364489	Marionette	WARN	TLS certificate errors will be ignored for this session
[Parent 6508, Gecko_IOThread] WARNING: pipe error: 109: file z:/build/build/src/ipc/chromium/src/chrome/common/ipc_channel_win.cc, line 346
[Child 9112, Chrome_ChildThread] WARNING: pipe error: 109: file z:/build/build/src/ipc/chromium/src/chrome/common/ipc_channel_win.cc, line 346
[Child 9112, Chrome_ChildThread] WARN[Parent 6508, Gecko_IOThread] WARNING: pipe error: 109: file z:/build/build/src/ipc/chromium/src/chrome/common/ipc_channel_win.cc, line 346
[Child 10880, Chrome_ChildThread] WARNING: pipe error: 109: file z:/build/build/src/ipc/chromium/src/chrome/common/ipc_channel_win.cc, line 346
[Child 10880, Chrome_Chil*** UTM:SVC TimerManager:registerTimer called after profile-before-change notification. Ignoring timer registration for id: telemetry_modules_ping

###!!! [Child][MessageChannel::SendAndWait] Error: Channel error: cannot send/recv

ficate errors will be ignored for this session
[Child 15432, Chrome_ChildThread] WARNING: pipe error: 109: file z:/build/build/src/ipc/chromium/src/chrome/common/ipc_channel_win.cc, line 346
[Child 15432, Chrome_ChildThread] WARNING: pipe error: 109: file z:/build/[Parent 4856, Gecko_IOThread] WARNING: pipe error: 109: file z:/build/build/src/ipc/chromium/src/chrome/common/ipc_channel_win.cc, line 346
[Child 4560, Chrome_ChildThread] WARNING: pipe error: 109: file z:/build/build/src/ipc/chromium/src/chrome/common/ipc_channel_win.cc, line 346
[Parent 4856, Gecko_IOThread] WARNING: pipe error: 109: file z:/build/build/src/ipc/chromium/src/chrome/common/ipc_channel_win.cc, line 346
[Child 9612, Chrome_ChildThread] WARNING: pipe error: 109: file z:/build/build/src/ipc/chromium/src/chrome/common/ipc_channel_win.cc, line 346
[Child 9612, Chr*** UTM:SVC TimerManager:registerTimer called after profile-before-change notification. Ignoring timer registration for id: telemetry_modules_ping

###!!! [Child][MessageChannel::SendAndWait] Error: Channel error: cannot send/recv

1526413545879	geckodriver	INFO	geckodriver 0.20.1
1526413545895	geckodriver	INFO	Listening on 127.0.0.1:52525
1526413548924	mozrunner::runner	INFO	Running command: "C:\\Program Files\\Mozilla Firefox\\firefox.exe" "-marionette" "-profile" "C:\\Users\\andre\\AppData\\Local\\Temp\\rust_mozprofile.u1qEPUSD30yN"
Unable to read VR Path Registry from C:\Users\andre\AppData\Local\openvr\openvrpaths.vrpath
Unable to read VR Path Registry from C:\Users\andre\AppData\Local\openvr\openvrpaths.vrpath
Unable to read VR Path Registry from C:\Users\andre\AppData\Local\openvr\openvrpaths.vrpath
Unable to read VR Path Registry from C:\Users\andre\AppData\Local\openvr\openvrpaths.vrpath
Unable to read VR Path Registry from C:\Users\andre\AppData\Local\openvr\openvrpaths.vrpath
1526413551058	Marionette	INFO	Listening on port 52533
1526413552070	Marionette	WARN	TLS certificate errors will be ignored for this session
[Parent 1632, Gecko_IOThread] WARNING: pipe error: 109: file z:/build/build/src/ipc/chromium/src/chrome/common/ipc_channel_win.cc, line 346
[Parent 1632, Gecko_IOThread] WARNING: pipe error: 109: file z:/build/build/src/ipc/chromium/src/chrome/common/ipc_channel_win.cc, line 346
[Child 13048, Chrome_ChildThread] WARNING: pipe error: 109: file z:/build/build/src/ipc/chromium/src/chrome/common/ipc_channel_win.cc, line 346
[Child 13048, Chrom[Child 3444, Chrome_ChildThread] WARNING: pipe error: 109: file z:/build/build/src/ipc/chromium/src/chrome/common/ipc_channel_win.cc, line 346
[Child 3444, Chrome_ChildThread] WARNING: pipe error: 109: file z:/build/build/src/ipc/chromium/src/chrome/common/ipc_channel_win.cc, line 346
[Parent 1632, Gecko_IOThread] WARNING: pipe error: 109: file z:/build/build/src/ipc/chromium/src/chrome/common/ipc_channel_win.cc, line 346
[Child 2996, Chrome_ChildThread] WARNING: pipe error: 109: file z:/build/build/src/ipc/chromium/src/chrome/common/ipc_channel_win.cc, line 346
[Child 2996, Chrome_ChildT
###!!! [Child][MessageChannel::SendAndWait] Error: Channel error: cannot send/recv

uild/src/ipc/chromium/src/chrome/common/ipc_channel_win.cc, line 346
[Child 2020[Parent 12000, Gecko_IOThread] WARNING: pipe error: 109: file z:/build/build/src/ipc/chromium/src/chrome/common/ipc_channel_win.cc, line 346
[Parent 12000, Gecko_IOThread] WARNING: pipe error: 109: file z:/build/build/src/ipc/chromium/src/chrome/common/ipc_channel_win.cc, line 346
[Child 5012, Chrome_ChildThread] WARNING: pipe error: 109: file z:/build/build/src/ipc/chromium/src/chrome/common/ipc_channel_win.cc, line 346
*** UTM:SVC TimerManager:registerTimer called after profile-before-change notification. Ignoring timer registration for id: telemetry_modules_ping

###!!! [Child][MessageChannel::SendAndWait] Error: Channel error: cannot send/recv

1526413655370	geckodriver	INFO	geckodriver 0.20.1
1526413655378	geckodriver	INFO	Listening on 127.0.0.1:52603
1526413658398	mozrunner::runner	INFO	Running command: "C:\\Program Files\\Mozilla Firefox\\firefox.exe" "-marionette" "-profile" "C:\\Users\\andre\\AppData\\Local\\Temp\\rust_mozprofile.NJFagIElV2S8"
Unable to read VR Path Registry from C:\Users\andre\AppData\Local\openvr\openvrpaths.vrpath
Unable to read VR Path Registry from C:\Users\andre\AppData\Local\openvr\openvrpaths.vrpath
Unable to read VR Path Registry from C:\Users\andre\AppData\Local\openvr\openvrpaths.vrpath
Unable to read VR Path Registry from C:\Users\andre\AppData\Local\openvr\openvrpaths.vrpath
Unable to read VR Path Registry from C:\Users\andre\AppData\Local\openvr\openvrpaths.vrpath
1526413660536	Marionette	INFO	Listening on port 52611
1526413661584	Marionette	WARN	TLS certificate errors will be ignored for this session
[Parent 14044, Gecko_IOThread] WARNING: pipe error: 109: file z:/build/build/src/ipc/chromium/src/chrome/common/ipc_channel_win.cc, line 346
[Child 16996, Chrome_ChildThread] WARNING: pipe error: 109: file z:/build/build/src/ipc/chromium/src/chrome/common/ipc_channel_win.cc, line 346
[Child 1699[Parent 14044, Gecko_IOThread] WARNING: pipe error: 109: file z:/build/build/src/ipc/chromium/src/chrome/common/ipc_channel_win.cc, line 346
*** UTM:SVC TimerManager:registerTimer called after profile-before-change notification. Ignoring timer registration for id: telemetry_modules_ping

###!!! [Child][MessageChannel::SendAndWait] Error: Channel error: cannot send/recv

path
Unable to read VR Path Registry from C:\Users\andre\AppData\Local\openvr\openvrpaths.vrpath
1526413666878	Marionette	INFO	Listening on port 52642
1526413667876	Marionette	WARN	TLS certificate errors will be ignored for this session
[Child 2364, Chrome_ChildThread] WARNING: pipe error: 109: file z:/build/build/src/ipc/chromium/src/chrome/common/ipc_channel_win.cc, line 346
[Child 2364,[Child 14248, Chrome_ChildThread] WARNING: pipe error: 109: file z:/build/build/src/ipc/chromium/src/chrome/common/ipc_channel_win.cc, line 346
[Child 14248, Chro[Parent 18276, Gecko_IOThread] WARNING: pipe error: 109: file z:/build/build/src/ipc/chromium/src/chrome/common/ipc_channel_win.cc, line 346
[Child 5152, Chrome_ChildThread] WARNING: pipe error: 109: file z:/build/build/src/ipc/chromium/src/chrome/common/ipc_channel_win.cc, line 346
[Child 5152, Chrom*** UTM:SVC TimerManager:registerTimer called after profile-before-change notification. Ignoring timer registration for id: telemetry_modules_ping
[GPU 1108, Chrome_ChildThread] WARNING: pipe error: 109: file z:/build/build/src/ipc/chromium/src/chrome/common/ipc_channel_win.cc, line 346

###!!! [Child][MessageChannel::SendAndWait] Error: Channel error: cannot send/recv

1526413804732	geckodriver	INFO	geckodriver 0.20.1
1526413804737	geckodriver	INFO	Listening on 127.0.0.1:52715
1526413807771	mozrunner::runner	INFO	Running command: "C:\\Program Files\\Mozilla Firefox\\firefox.exe" "-marionette" "-profile" "C:\\Users\\andre\\AppData\\Local\\Temp\\rust_mozprofile.GiQerQajDdH1"
Unable to read VR Path Registry from C:\Users\andre\AppData\Local\openvr\openvrpaths.vrpath
Unable to read VR Path Registry from C:\Users\andre\AppData\Local\openvr\openvrpaths.vrpath
Unable to read VR Path Registry from C:\Users\andre\AppData\Local\openvr\openvrpaths.vrpath
Unable to read VR Path Registry from C:\Users\andre\AppData\Local\openvr\openvrpaths.vrpath
Unable to read VR Path Registry from C:\Users\andre\AppData\Local\openvr\openvrpaths.vrpath
1526413809894	Marionette	INFO	Listening on port 52723
1526413810971	Marionette	WARN	TLS certificate errors will be ignored for this session
[Parent 17848, Gecko_IOThread] WARNING: pipe error: 109: file z:/build/build/src/ipc/chromium/src/chrome/common/ipc_channel_win.cc, line 346
[Child 17364, Chrome_ChildThread] WARNING: pipe error: 109: file z:/build/build/src/ipc/chromium/src/chrome/common/ipc_channel_win.cc, line 346
[Child 1736[Child 1784, Chrome_ChildThread] WARNING: pipe error: 109: file z:/build/build/src/ipc/chromium/src/chrome/common/ipc_channel_win.cc, line 346
[Child 1784, Chrome_ChildThre[Parent 17848, Gecko_IOThread] WARNING: pipe error: 109: file z:/build/build/src/ipc/chromium/src/chrome/common/ipc_channel_win.cc, line 346
[Child 14148, Chrome_ChildThread] WARNING: pipe error: 109: file z:/build/build/src/ipc/chromium/src/chrome/common/ipc_channel_win.cc, line 346
[Child 14148[GPU 9144, Chrome_ChildThread] WARNING: pipe error: 109: file z:/build/build/src/ipc/chromium/src/chrome/common/ipc_channel_win.cc, line 346

###!!! [Child][MessageChannel::SendAndWait] Error: Channel error: cannot send/recv

ipc/chromium/src/chrome/common/ipc_channel_win.cc, line 346
[Child 1584,[Child 13848, Chrome_ChildThread] WARNING: pipe error: 109: file z:/build/build/src/ipc/chromium/src/chrome/common/ipc_channel_win.cc, line 346
[Child 13848, [Parent 8848, Gecko_IOThread] WARNING: pipe error: 109: file z:/build/build/src/ipc/chromium/src/chrome/common/ipc_channel_win.cc, line 346
*** UTM:SVC TimerManager:registerTimer called after profile-before-change notification. Ignoring timer registration for id: telemetry_modules_ping

###!!! [Child][MessageChannel::SendAndWait] Error: Channel error: cannot send/recv

1526419066695	geckodriver	INFO	geckodriver 0.20.1
1526419066703	geckodriver	INFO	Listening on 127.0.0.1:53412
1526419069747	mozrunner::runner	INFO	Running command: "C:\\Program Files\\Mozilla Firefox\\firefox.exe" "-marionette" "-profile" "C:\\Users\\andre\\AppData\\Local\\Temp\\rust_mozprofile.SldsEY8GZv2e"
Unable to read VR Path Registry from C:\Users\andre\AppData\Local\openvr\openvrpaths.vrpath
Unable to read VR Path Registry from C:\Users\andre\AppData\Local\openvr\openvrpaths.vrpath
Unable to read VR Path Registry from C:\Users\andre\AppData\Local\openvr\openvrpaths.vrpath
Unable to read VR Path Registry from C:\Users\andre\AppData\Local\openvr\openvrpaths.vrpath
1526419072161	Marionette	INFO	Listening on port 53421
Unable to read VR Path Registry from C:\Users\andre\AppData\Local\openvr\openvrpaths.vrpath
1526419072910	Marionette	WARN	TLS certificate errors will be ignored for this session
[Parent 21252, Gecko_IOThread] WARNING: pipe error: 109: file z:/build/build/src/ipc/chromium/src/chrome/common/ipc_channel_win.cc, line 346
[Parent 21252, Gecko_IOThread] WARNING: pipe error: 109: file z:/build/build/src/ipc/chromium/src/chrome/common/ipc_channel_win.cc, line 346
[Child 17360, Chrome_ChildThread] WARNING: pipe error: 109: file z:/build/build/src/ipc/chromium/src/chrome/common/ipc_channel_win.cc, line 346
[Child 17360, Chrome*** UTM:SVC TimerManager:registerTimer called after profile-before-change notification. Ignoring timer registration for id: telemetry_modules_ping

###!!! [Child][MessageChannel::SendAndWait] Error: Channel error: cannot send/recv

6419078513	Marionette	INFO	Listening on port 53452
Unable to read VR Path Registry from C:\Users\andre\AppData\Local\openvr\openvrpaths.vrpath
1526419079167	Marionette	WARN	TLS certificate errors will be ignored for this session
[Parent 21168, Gecko_IOThread] WARNING: pipe error: 109: file z:/build/build/src/ipc/chromium/src/chrome/common/ipc_channel_win.cc, line 346
[Parent 21168, Gecko_IOThread] WARNING: pipe error: 109: file z:/build/build/src/ipc/chromium/src/chrome/common/ipc_channel_win.cc, line 346
[Child 6028, Chrome_ChildThread] WARNING: pipe error: 109: file z:/build/build/src/ipc/chromium/src/chrome/common/ipc_channel_win.cc, line 346
[Child 5516, Chrome_ChildThread] WARNING: pipe error: 109: file z:/build/build/src/ipc/chromium/src/chrome/common/ipc_channel_win.cc, line 346
[Child 5516, Chrome_ChildThread] WARNING: pipe error: 109: file z:/build/build/src/ipc/chromium/src/*** UTM:SVC TimerManager:registerTimer called after profile-before-change notification. Ignoring timer registration for id: telemetry_modules_ping

###!!! [Child][MessageChannel::SendAndWait] Error: Channel error: cannot send/recv

1526419255732	geckodriver	INFO	geckodriver 0.20.1
1526419255742	geckodriver	INFO	Listening on 127.0.0.1:53515
1526419258780	mozrunner::runner	INFO	Running command: "C:\\Program Files\\Mozilla Firefox\\firefox.exe" "-marionette" "-profile" "C:\\Users\\andre\\AppData\\Local\\Temp\\rust_mozprofile.OUxOaHBoSyd5"
Unable to read VR Path Registry from C:\Users\andre\AppData\Local\openvr\openvrpaths.vrpath
Unable to read VR Path Registry from C:\Users\andre\AppData\Local\openvr\openvrpaths.vrpath
Unable to read VR Path Registry from C:\Users\andre\AppData\Local\openvr\openvrpaths.vrpath
Unable to read VR Path Registry from C:\Users\andre\AppData\Local\openvr\openvrpaths.vrpath
Unable to read VR Path Registry from C:\Users\andre\AppData\Local\openvr\openvrpaths.vrpath
1526419261123	Marionette	INFO	Listening on port 53523
1526419261951	Marionette	WARN	TLS certificate errors will be ignored for this session
[Parent 21476, Gecko_IOThread] WARNING: pipe error: 109: file z:/build/build/src/ipc/chromium/src/chrome/common/ipc_channel_win.cc, line 346
[Parent 21476, Gecko_IOThread] WARNING: pipe error: 109: file z:/build/build/src/ipc/chromium/src/chrome/common/ipc_channel_win.cc, line 346
[Child 6956, Chrome_ChildThread] WARNING: pipe error: 109: file z:/build/build/src/ipc/chromium/src/chrome/common/ipc_channel_win.cc, line 346
[Child 6956, Chrome_
###!!! [Child][MessageChannel::SendAndWait] Error: Channel error: cannot send/recv

Users\andre\AppData\Local\openvr\openvrpaths.vrpath
Unable to read VR Path Registry from C:\Users\andre\AppData\Local\openvr\openvrpaths.vrpath
Unable to read VR Path Registry from C:\Users\andre\AppData\Local\openvr\openvrpaths.vrpath
1526419267417	Marionette	INFO	Listening on port 53554
1526419268261	Marionette	WARN	TLS certificate errors will be ignored for this session
[Parent 21224, Gecko_IOThread] WARNING: pipe error: 109: file z:/build/build/src/ipc/chromium/src/chrome/common/ipc_channel_win.cc, line 346
[Child 18808, Chrome_ChildThread] WARNING: pipe error: 109: file z:/build/build/src/ipc/chromium/src/chrome/common/ipc_channel_win.cc, line 346
[Child 18808, Chrome_ChildThrea[Parent 21224, Gecko_IOThread] WARNING: pipe error: 109: file z:/build/build/src/ipc/chromium/src/chrome/common/ipc_channel_win.cc, line 346
[Child 17060, Chrome_ChildThread] WARNING: pipe error: 109: file z:/build/build/src/ipc/chromium/src/chrome/common/ipc_channel_win.cc, line 346
[Child 17060, Chrome_ChildThread] WARN[Parent 21224, Gecko_IOThread] WARNING: pipe error: 109: file z:/build/build/src/ipc/chromium/src/chrome/common/ipc_channel_win.cc, line 346
[Child 1324, Chrome_ChildThread] WARNING: pipe error: 109: file z:/build/build/src/ipc/chromium/src/chrome/common/ipc_channel_win.cc, line 346
[Child 1324, Chrome_ChildThread] WARNING: pipe*** UTM:SVC TimerManager:registerTimer called after profile-before-change notification. Ignoring timer registration for id: telemetry_modules_ping

###!!! [Child][MessageChannel::SendAndWait] Error: Channel error: cannot send/recv

1526419365647	geckodriver	INFO	geckodriver 0.20.1
1526419365656	geckodriver	INFO	Listening on 127.0.0.1:53611
1526419368681	mozrunner::runner	INFO	Running command: "C:\\Program Files\\Mozilla Firefox\\firefox.exe" "-marionette" "-profile" "C:\\Users\\andre\\AppData\\Local\\Temp\\rust_mozprofile.5vlcahU1xRCF"
Unable to read VR Path Registry from C:\Users\andre\AppData\Local\openvr\openvrpaths.vrpath
Unable to read VR Path Registry from C:\Users\andre\AppData\Local\openvr\openvrpaths.vrpath
Unable to read VR Path Registry from C:\Users\andre\AppData\Local\openvr\openvrpaths.vrpath
Unable to read VR Path Registry from C:\Users\andre\AppData\Local\openvr\openvrpaths.vrpath
Unable to read VR Path Registry from C:\Users\andre\AppData\Local\openvr\openvrpaths.vrpath
1526419371099	Marionette	INFO	Listening on port 53622
1526419371843	Marionette	WARN	TLS certificate errors will be ignored for this session
[Child 21496, Chrome_ChildThread] WARNING: pipe error: 109: file z:/build/build/src/ipc/chromium/src/chrome/common/ipc_channel_win.cc, line 346
[Child 12584, Chrome_ChildThread] WARNING: pipe error: 109: file z:/build/build/src/ipc/chromium/src/chrome/common/ipc_channel_win.cc, line 346
[Child 12584, Chrome_Chi[Parent 8372, Gecko_IOThread] WARNING: pipe error: 109: file z:/build/build/src/ipc/chromium/src/chrome/common/ipc_channel_win.cc, line 346
[Child 8244, Chrome_ChildThread] WARNING: pipe error: 109: file z:/build/build/src/ipc/chromium/src/chrome/common/ipc_channel_win.cc, line 346
[Child 8244, Ch
###!!! [Child][MessageChannel::SendAndWait] Error: Channel error: cannot send/recv

ette	INFO	Listening on port 53659
Unable to read VR Path Registry from C:\Users\andre\AppData\Local\openvr\openvrpaths.vrpath
1526419378125	Marionette	WARN	TLS certificate errors will be ignored for this session
[Parent 16932, Gecko_IOThread] WARNING: pipe error: 109: file z:/build/build/src/ipc/chromium/src/chrome/common/ipc_channel_win.cc, line 346
[Child 10032, Chrome_ChildThread] WARNING: pipe error: 109: file z:/build/build/src/ipc/chromium/src/chrome/common/ipc_channel_win.cc, line 346
[Child 10032, [Parent 16932, Gecko_IOThread] WARNING: pipe error: 109: file z:/build/build/src/ipc/chromium/src/chrome/common/ipc_channel_win.cc, line 346
[Child 17232, Chrome_ChildThread] WARNING: pipe error: 109: file z:/build/build/src/ipc/chromium/src/chrome/common/ipc_channel_win.cc, line 346
[Child 17232, Ch[Parent 16932, Gecko_IOThread] WARNING: pipe error: 109: file z:/build/build/src/ipc/chromium/src/chrome/common/ipc_channel_win.cc, line 346
[*** UTM:SVC TimerManager:registerTimer called after profile-before-change notification. Ignoring timer registration for id: telemetry_modules_ping

###!!! [Child][MessageChannel::SendAndWait] Error: Channel error: cannot send/recv

1526419530460	geckodriver	INFO	geckodriver 0.20.1
1526419530468	geckodriver	INFO	Listening on 127.0.0.1:53713
1526419533504	mozrunner::runner	INFO	Running command: "C:\\Program Files\\Mozilla Firefox\\firefox.exe" "-marionette" "-profile" "C:\\Users\\andre\\AppData\\Local\\Temp\\rust_mozprofile.0SLDVCqMWwmP"
Unable to read VR Path Registry from C:\Users\andre\AppData\Local\openvr\openvrpaths.vrpath
Unable to read VR Path Registry from C:\Users\andre\AppData\Local\openvr\openvrpaths.vrpath
Unable to read VR Path Registry from C:\Users\andre\AppData\Local\openvr\openvrpaths.vrpath
Unable to read VR Path Registry from C:\Users\andre\AppData\Local\openvr\openvrpaths.vrpath
Unable to read VR Path Registry from C:\Users\andre\AppData\Local\openvr\openvrpaths.vrpath
1526419536532	Marionette	INFO	Listening on port 53721
1526419536728	Marionette	WARN	TLS certificate errors will be ignored for this session
[Child 13704, Chrome_ChildThread] WARNING: pipe error: 109: file z:/build/build/src/ipc/chromium/src/chrome/common/ipc_channel_win.cc, line 346
[Child 1370[Parent 19500, Gecko_IOThread] WARNING: pipe error: 109: file z:/build/build/src/ipc/chromium/src/chrome/common/ipc_channel_win.cc, line 346
[Child 4160, Chrome_ChildThread] WARNING: pipe error: 109: file z:/build/build/src/ipc/chromium/src/chrome/common/ipc_channel_win.cc, line 346
[Child 4160, Chr
###!!! [Child][MessageChannel::SendAndWait] Error: Channel error: cannot send/recv

e\AppData\Local\openvr\openvrpaths.vrpath
Unable to read VR Path Registry from C:\Users\andre\AppData\Local\openvr\openvrpaths.vrpath
1526419542150	Marionette	INFO	Listening on port 53752
Unable to read VR Path Registry from C:\Users\andre\AppData\Local\openvr\openvrpaths.vrpath
1526419543091	Marionette	WARN	TLS certificate errors will be ignored for this session
[Parent 20912, Gecko_IOThread] WARNING: pipe error: 109: file z:/build/build/src/ipc/chromium/src/chrome/common/ipc_channel_win.cc, line 346
[Child 3920, Chrome_ChildThread] WARNING: pipe error: 109: file z:/build/build/src/ipc/chromium/src/chrome/common/ipc_channel_win.cc, line 346
[Child 39[Parent 20912, Gecko_IOThread] WARNING: pipe error: 109: file z:/build/build/src/ipc/chromium/src/chrome/common/ipc_channel_win.cc, line 346
[Child 20564, Chrome_ChildThread] WARNING: pipe error: 109: file z:/build/build/src/ipc/chromium/src/chrome/common/ipc_channel_win.cc, line 346
[Child 20564, *** UTM:SVC TimerManager:registerTimer called after profile-before-change notification. Ignoring timer registration for id: telemetry_modules_ping

###!!! [Child][MessageChannel::SendAndWait] Error: Channel error: cannot send/recv

1526419692926	geckodriver	INFO	geckodriver 0.20.1
1526419692935	geckodriver	INFO	Listening on 127.0.0.1:53813
1526419695957	mozrunner::runner	INFO	Running command: "C:\\Program Files\\Mozilla Firefox\\firefox.exe" "-marionette" "-profile" "C:\\Users\\andre\\AppData\\Local\\Temp\\rust_mozprofile.wPv71pe0DYlc"
Unable to read VR Path Registry from C:\Users\andre\AppData\Local\openvr\openvrpaths.vrpath
Unable to read VR Path Registry from C:\Users\andre\AppData\Local\openvr\openvrpaths.vrpath
Unable to read VR Path Registry from C:\Users\andre\AppData\Local\openvr\openvrpaths.vrpath
Unable to read VR Path Registry from C:\Users\andre\AppData\Local\openvr\openvrpaths.vrpath
Unable to read VR Path Registry from C:\Users\andre\AppData\Local\openvr\openvrpaths.vrpath
1526419698380	Marionette	INFO	Listening on port 53821
1526419699140	Marionette	WARN	TLS certificate errors will be ignored for this session
1526419699258	geckodriver	INFO	geckodriver 0.20.1
1526419699273	geckodriver	INFO	Listening on 127.0.0.1:53840
1526419702313	mozrunner::runner	INFO	Running command: "C:\\Program Files\\Mozilla Firefox\\firefox.exe" "-marionette" "-profile" "C:\\Users\\andre\\AppData\\Local\\Temp\\rust_mozprofile.l5OKFAMQpsHT"
Unable to read VR Path Registry from C:\Users\andre\AppData\Local\openvr\openvrpaths.vrpath
Unable to read VR Path Registry from C:\Users\andre\AppData\Local\openvr\openvrpaths.vrpath
Unable to read VR Path Registry from C:\Users\andre\AppData\Local\openvr\openvrpaths.vrpath
Unable to read VR Path Registry from C:\Users\andre\AppData\Local\openvr\openvrpaths.vrpath
Unable to read VR Path Registry from C:\Users\andre\AppData\Local\openvr\openvrpaths.vrpath
1526419704526	Marionette	INFO	Listening on port 53851
1526419705489	Marionette	WARN	TLS certificate errors will be ignored for this session
[Parent 18456, Gecko_IOThread] WARNING: pipe error: 109: file z:/build/build/src/ipc/chromium/src/chrome/common/ipc_channel_win.cc, line 346
[Parent 18456, Gecko_IOThread] WARNING: pipe error: 109: file z:/build/build/src/ipc/chromium/src/chrome/common/ipc_channel_win.cc, line 346
[Child 9476, Chrome_ChildThread] WARNING: pipe error: 109: file z:/build/build/src/ipc/chromium/src/chrome/common/ipc_channel_win.cc, line 346
[Child 9476, Chrome_ChildThread] WARNING: pipe error: 109: file z:/build/build/src/ipc/chromium/src/chrome/common/ipc_channel_win.cc, line 346
[Parent 18456, Gecko_IOThread] WARNING: pipe error: 109: file z:/build/build/src/ipc/chromium/src/chrome/common/ipc_channel_win.cc, line 346
[Child 11632, Chrome_ChildThread] WARNING: pipe error: 109: file z:/build/build/src/ipc/chromium/src/chrome/common/ipc_channel_win.cc, line 346
[Child 11632, Ch*** UTM:SVC TimerManager:registerTimer called after profile-before-change notification. Ignoring timer registration for id: telemetry_modules_ping

###!!! [Child][MessageChannel::SendAndWait] Error: Channel error: cannot send/recv

1526421762324	geckodriver	INFO	geckodriver 0.20.1
1526421762333	geckodriver	INFO	Listening on 127.0.0.1:54135
1526421765364	mozrunner::runner	INFO	Running command: "C:\\Program Files\\Mozilla Firefox\\firefox.exe" "-marionette" "-profile" "C:\\Users\\andre\\AppData\\Local\\Temp\\rust_mozprofile.uwLNt6NqFHzu"
Unable to read VR Path Registry from C:\Users\andre\AppData\Local\openvr\openvrpaths.vrpath
Unable to read VR Path Registry from C:\Users\andre\AppData\Local\openvr\openvrpaths.vrpath
Unable to read VR Path Registry from C:\Users\andre\AppData\Local\openvr\openvrpaths.vrpath
Unable to read VR Path Registry from C:\Users\andre\AppData\Local\openvr\openvrpaths.vrpath
Unable to read VR Path Registry from C:\Users\andre\AppData\Local\openvr\openvrpaths.vrpath
1526421767555	Marionette	INFO	Listening on port 54143
1526421768510	Marionette	WARN	TLS certificate errors will be ignored for this session
1526421768609	geckodriver	INFO	geckodriver 0.20.1
1526421768619	geckodriver	INFO	Listening on 127.0.0.1:54163
1526421771661	mozrunner::runner	INFO	Running command: "C:\\Program Files\\Mozilla Firefox\\firefox.exe" "-marionette" "-profile" "C:\\Users\\andre\\AppData\\Local\\Temp\\rust_mozprofile.TDfU8CRoJ4za"
Unable to read VR Path Registry from C:\Users\andre\AppData\Local\openvr\openvrpaths.vrpath
Unable to read VR Path Registry from C:\Users\andre\AppData\Local\openvr\openvrpaths.vrpath
Unable to read VR Path Registry from C:\Users\andre\AppData\Local\openvr\openvrpaths.vrpath
Unable to read VR Path Registry from C:\Users\andre\AppData\Local\openvr\openvrpaths.vrpath
Unable to read VR Path Registry from C:\Users\andre\AppData\Local\openvr\openvrpaths.vrpath
1526421773888	Marionette	INFO	Listening on port 54176
1526421774839	Marionette	WARN	TLS certificate errors will be ignored for this session
[Parent 3940, Gecko_IOThread] WARNING: pipe error: 109: file z:/build/build/src/ipc/chromium/src/chrome/common/ipc_channel_win.cc, line 346
[Child 21208, Chrome_ChildThread] WARNING: pipe error: 109: file z:/build/build/src/ipc/chromium/src/chrome/common/ipc_channel_win.cc, line 346
[Child 2120[Parent 3940, Gecko_IOThread] WARNING: pipe error: 109: file z:/build/build/src/ipc/chromium/src/chrome/common/ipc_channel_win.cc, line 346
[Child 11100, Chrome_ChildThread] WARNING: pipe error: 109: file z:/build/build/src/ipc/chromium/src/chrome/common/ipc_channel_win.cc, line 346
[Parent 3940, Gecko_IOThread] WARNING: pipe error: 109: file z:/build/build/src/ipc/chromium/src/chrome/common/ipc_channel_win.cc, line 346
[Child 15772, Chrome_ChildThread] WARNING: pipe error: 109: file z:/build/build/src/ipc/chromium/src/chrome/common/ipc_channel_win.cc, line 346
[Child 15772,*** UTM:SVC TimerManager:registerTimer called after profile-before-change notification. Ignoring timer registration for id: telemetry_modules_ping

###!!! [Child][MessageChannel::SendAndWait] Error: Channel error: cannot send/recv

1526421896682	geckodriver	INFO	geckodriver 0.20.1
1526421896691	geckodriver	INFO	Listening on 127.0.0.1:54242
1526421899756	mozrunner::runner	INFO	Running command: "C:\\Program Files\\Mozilla Firefox\\firefox.exe" "-marionette" "-profile" "C:\\Users\\andre\\AppData\\Local\\Temp\\rust_mozprofile.sWFVR9KUOI6d"
Unable to read VR Path Registry from C:\Users\andre\AppData\Local\openvr\openvrpaths.vrpath
Unable to read VR Path Registry from C:\Users\andre\AppData\Local\openvr\openvrpaths.vrpath
Unable to read VR Path Registry from C:\Users\andre\AppData\Local\openvr\openvrpaths.vrpath
Unable to read VR Path Registry from C:\Users\andre\AppData\Local\openvr\openvrpaths.vrpath
Unable to read VR Path Registry from C:\Users\andre\AppData\Local\openvr\openvrpaths.vrpath
1526421901923	Marionette	INFO	Listening on port 54252
1526421902925	Marionette	WARN	TLS certificate errors will be ignored for this session
1526421903005	geckodriver	INFO	geckodriver 0.20.1
1526421903015	geckodriver	INFO	Listening on 127.0.0.1:54271
1526421925515	geckodriver	INFO	geckodriver 0.20.1
1526421925524	geckodriver	INFO	Listening on 127.0.0.1:54282
1526421928568	mozrunner::runner	INFO	Running command: "C:\\Program Files\\Mozilla Firefox\\firefox.exe" "-marionette" "-profile" "C:\\Users\\andre\\AppData\\Local\\Temp\\rust_mozprofile.heUUCS00Wooo"
Unable to read VR Path Registry from C:\Users\andre\AppData\Local\openvr\openvrpaths.vrpath
Unable to read VR Path Registry from C:\Users\andre\AppData\Local\openvr\openvrpaths.vrpath
Unable to read VR Path Registry from C:\Users\andre\AppData\Local\openvr\openvrpaths.vrpath
Unable to read VR Path Registry from C:\Users\andre\AppData\Local\openvr\openvrpaths.vrpath
Unable to read VR Path Registry from C:\Users\andre\AppData\Local\openvr\openvrpaths.vrpath
1526421930730	Marionette	INFO	Listening on port 54290
1526421931726	Marionette	WARN	TLS certificate errors will be ignored for this session
1526421931823	geckodriver	INFO	geckodriver 0.20.1
1526421931832	geckodriver	INFO	Listening on 127.0.0.1:54309
1526421934860	mozrunner::runner	INFO	Running command: "C:\\Program Files\\Mozilla Firefox\\firefox.exe" "-marionette" "-profile" "C:\\Users\\andre\\AppData\\Local\\Temp\\rust_mozprofile.MdzJQQmNJSn2"
Unable to read VR Path Registry from C:\Users\andre\AppData\Local\openvr\openvrpaths.vrpath
Unable to read VR Path Registry from C:\Users\andre\AppData\Local\openvr\openvrpaths.vrpath
Unable to read VR Path Registry from C:\Users\andre\AppData\Local\openvr\openvrpaths.vrpath
Unable to read VR Path Registry from C:\Users\andre\AppData\Local\openvr\openvrpaths.vrpath
Unable to read VR Path Registry from C:\Users\andre\AppData\Local\openvr\openvrpaths.vrpath
1526421937056	Marionette	INFO	Listening on port 54320
1526421938000	Marionette	WARN	TLS certificate errors will be ignored for this session
[Child 21248, Chrome_ChildThread] WARNING: pipe error: 109: file z:/build/build/src/ipc/chromium/src/chrome/common/ipc_channel_win.cc, line 346
[Child 21248, Chrome_ChildThread] WARNING: pipe error: 109: file z:/build/build/src/ipc/chromium/src/chrome/common/ipc_channel_win.cc, line 346
[Child 8124, Chrome_ChildThread] WARNING: pipe error: 109: file z:/build/build/src/ipc/chromium/src/chrome/common/ipc_channel_win.cc, line 346
[Child 8124, Chrome_ChildThread] WARNING: pipe error: 109: file z:/build/build/src/ipc/chromium/src/chrome/common/ipc_channel_win.cc, line 346
[Parent 12328, Gecko_IOThread] WARNING: pipe error: 109: file z:/build/build/src/ipc/chromium/src/chrome/common/ipc_channel_win.cc, line 346
*** UTM:SVC TimerManager:registerTimer called after profile-before-change notification. Ignoring timer registration for id: telemetry_modules_ping

###!!! [Child][MessageChannel::SendAndWait] Error: Channel error: cannot send/recv

1526422093684	geckodriver	INFO	geckodriver 0.20.1
1526422093692	geckodriver	INFO	Listening on 127.0.0.1:54393
1526422096729	mozrunner::runner	INFO	Running command: "C:\\Program Files\\Mozilla Firefox\\firefox.exe" "-marionette" "-profile" "C:\\Users\\andre\\AppData\\Local\\Temp\\rust_mozprofile.J6lvTHYVVnbj"
Unable to read VR Path Registry from C:\Users\andre\AppData\Local\openvr\openvrpaths.vrpath
Unable to read VR Path Registry from C:\Users\andre\AppData\Local\openvr\openvrpaths.vrpath
Unable to read VR Path Registry from C:\Users\andre\AppData\Local\openvr\openvrpaths.vrpath
Unable to read VR Path Registry from C:\Users\andre\AppData\Local\openvr\openvrpaths.vrpath
Unable to read VR Path Registry from C:\Users\andre\AppData\Local\openvr\openvrpaths.vrpath
1526422098904	Marionette	INFO	Listening on port 54401
1526422099911	Marionette	WARN	TLS certificate errors will be ignored for this session
[Parent 19256, Gecko_IOThread] WARNING: pipe error: 109: file z:/build/build/src/ipc/chromium/src/chrome/common/ipc_channel_win.cc, line 346
[Child 9496, Chrome_ChildThread] WARNING: pipe error: 109: file z:/build/build/src/ipc/chromium/src/chrome/common/ipc_channel_win.cc, line 346
[Child 9496, Chrome_ChildThread] WARNING: pipe error: 109: file z:/build/build/src/ipc/chromium/src/chrome/common/ipc_channel_win.cc, line 346
[Child 7724, Chrome_ChildThread] WARNING: pipe error: 109: file z:/build/build/src/ipc/chromium/src/chrome/common/ipc_channel_win.cc, line 346
[Child 7724, Chrome_ChildThread] WARNING: pipe error: 109: file z:/build/build/src/ipc/chromium/src/chrome/common/ipc_channel_win.cc, line 346
[Parent 19256, Gecko_IOThread] WARNING: pipe error: 109: file z:/build/build/src/ipc/chromium/src/chrome/common/ipc_channel_win.cc, line 346
[Child 5772, Chrome_ChildThread] WARNING: pipe error: 109: file z:/build/build/src/ipc/chromium/src/chrome/common/ipc_channel_win.cc, line 346
[Child 5772, Chrome_ChildThread] WARNING: pipe error: 109: file z:/build/build/src/ipc/chromium/src/chrome/common/ipc_channel_win.cc, line 346
*** UTM:SVC TimerManager:registerTimer called after profile-before-change notification. Ignoring timer registration for id: telemetry_modules_ping

###!!! [Child][MessageChannel::SendAndWait] Error: Channel error: cannot send/recv

read] WARNING: pipe error: 109: file z:/build/build/src/ipc/chromium/src/chrome/common/ipc_channel_win.cc, line 346
[Parent 17324, Gecko_IOThread] WARNING: pipe error: 109: file z:/build/build/src/ipc/chromium/src/chrome/common/ipc_channel_win.cc, line 346
*** UTM:SVC TimerManager:registerTimer called after profile-before-change notification. Ignoring timer registration for id: telemetry_modules_ping

###!!! [Child][MessageChannel::SendAndWait] Error: Channel error: cannot send/recv

1526422267081	geckodriver	INFO	geckodriver 0.20.1
1526422267091	geckodriver	INFO	Listening on 127.0.0.1:54493
1526422270125	mozrunner::runner	INFO	Running command: "C:\\Program Files\\Mozilla Firefox\\firefox.exe" "-marionette" "-profile" "C:\\Users\\andre\\AppData\\Local\\Temp\\rust_mozprofile.YkEMZnHmedFg"
Unable to read VR Path Registry from C:\Users\andre\AppData\Local\openvr\openvrpaths.vrpath
Unable to read VR Path Registry from C:\Users\andre\AppData\Local\openvr\openvrpaths.vrpath
Unable to read VR Path Registry from C:\Users\andre\AppData\Local\openvr\openvrpaths.vrpath
Unable to read VR Path Registry from C:\Users\andre\AppData\Local\openvr\openvrpaths.vrpath
Unable to read VR Path Registry from C:\Users\andre\AppData\Local\openvr\openvrpaths.vrpath
1526422272672	Marionette	INFO	Listening on port 54507
1526422273267	Marionette	WARN	TLS certificate errors will be ignored for this session
1526422273354	geckodriver	INFO	geckodriver 0.20.1
1526422273363	geckodriver	INFO	Listening on 127.0.0.1:54527
1526422276393	mozrunner::runner	INFO	Running command: "C:\\Program Files\\Mozilla Firefox\\firefox.exe" "-marionette" "-profile" "C:\\Users\\andre\\AppData\\Local\\Temp\\rust_mozprofile.mF5NenHbKz2P"
Unable to read VR Path Registry from C:\Users\andre\AppData\Local\openvr\openvrpaths.vrpath
Unable to read VR Path Registry from C:\Users\andre\AppData\Local\openvr\openvrpaths.vrpath
Unable to read VR Path Registry from C:\Users\andre\AppData\Local\openvr\openvrpaths.vrpath
Unable to read VR Path Registry from C:\Users\andre\AppData\Local\openvr\openvrpaths.vrpath
Unable to read VR Path Registry from C:\Users\andre\AppData\Local\openvr\openvrpaths.vrpath
1526422278659	Marionette	INFO	Listening on port 54539
1526422279567	Marionette	WARN	TLS certificate errors will be ignored for this session
[Child 9464, Chrome_ChildThread] WARNING: pipe error: 109: file z:/build/build/src/ipc/chromium/src/chrome/common/ipc_channel_win.cc, line 346
[Child 9464, Chrome_ChildThread] WAR[Parent 18192, Gecko_IOThread] WARNING: pipe error: 109: file z:/build/build/src/ipc/chromium/src/chrome/common/ipc_channel_win.cc, line 346
[Child 19424, Chrome_ChildThread] WARNING: pipe error: 109: file z:/build/build/src/ipc/chromium/src/chrome/common/ipc_channel_win.cc, line 346
[Child 19424, Chrome_ChildThre*** UTM:SVC TimerManager:registerTimer called after profile-before-change notification. Ignoring timer registration for id: telemetry_modules_ping

###!!! [Child][MessageChannel::SendAndWait] Error: Channel error: cannot send/recv

1526422318477	geckodriver	INFO	geckodriver 0.20.1
1526422318486	geckodriver	INFO	Listening on 127.0.0.1:54581
1526422321559	mozrunner::runner	INFO	Running command: "C:\\Program Files\\Mozilla Firefox\\firefox.exe" "-marionette" "-profile" "C:\\Users\\andre\\AppData\\Local\\Temp\\rust_mozprofile.86dnQumco9kr"
Unable to read VR Path Registry from C:\Users\andre\AppData\Local\openvr\openvrpaths.vrpath
Unable to read VR Path Registry from C:\Users\andre\AppData\Local\openvr\openvrpaths.vrpath
Unable to read VR Path Registry from C:\Users\andre\AppData\Local\openvr\openvrpaths.vrpath
Unable to read VR Path Registry from C:\Users\andre\AppData\Local\openvr\openvrpaths.vrpath
Unable to read VR Path Registry from C:\Users\andre\AppData\Local\openvr\openvrpaths.vrpath
1526422323749	Marionette	INFO	Listening on port 54589
1526422324726	Marionette	WARN	TLS certificate errors will be ignored for this session
1526422324805	geckodriver	INFO	geckodriver 0.20.1
1526422324814	geckodriver	INFO	Listening on 127.0.0.1:54608
1526422327840	mozrunner::runner	INFO	Running command: "C:\\Program Files\\Mozilla Firefox\\firefox.exe" "-marionette" "-profile" "C:\\Users\\andre\\AppData\\Local\\Temp\\rust_mozprofile.Af7KEdlkU1Qe"
Unable to read VR Path Registry from C:\Users\andre\AppData\Local\openvr\openvrpaths.vrpath
Unable to read VR Path Registry from C:\Users\andre\AppData\Local\openvr\openvrpaths.vrpath
Unable to read VR Path Registry from C:\Users\andre\AppData\Local\openvr\openvrpaths.vrpath
Unable to read VR Path Registry from C:\Users\andre\AppData\Local\openvr\openvrpaths.vrpath
1526422330019	Marionette	INFO	Listening on port 54619
Unable to read VR Path Registry from C:\Users\andre\AppData\Local\openvr\openvrpaths.vrpath
1526422330977	Marionette	WARN	TLS certificate errors will be ignored for this session
[Child 18496, Chrome_ChildThread] WARNING: pipe error: 109: file z:/build/build/src/ipc/chromium/src/chrome/common/ipc_channel_win.cc, line 346
[Child 18496, Chrome_Ch[Parent 19792, Gecko_IOThread] WARNING: pipe error: 109: file z:/build/build/src/ipc/chromium/src/chrome/common/ipc_channel_win.cc, line 346
[Child 1524, Chrome_ChildThread] WARNING: pipe error: 109: file z:/build/build/src/ipc/chromium/src/chrome/common/ipc_channel_win.cc, line 346
[Child 1524, C[Parent 19792, Gecko_IOThread] WARNING: pipe error: 109: file z:/build/build/src/ipc/chromium/src/chrome/common/ipc_channel_win.cc, line 346
[Child 18044, Chrome_ChildThread] WARNING: pipe error: 109: file z:/build/build/src/ipc/chromium/src/chrome/common/ipc_channel_win.cc, line 346
[Child 18044, Chrome_ChildThread] WARNING: pipe error: 109: file z:/build/build/src/ipc/chromium/src/chrome/common/ipc_channel_win.c*** UTM:SVC TimerManager:registerTimer called after profile-before-change notification. Ignoring timer registration for id: telemetry_modules_ping

###!!! [Child][MessageChannel::SendAndWait] Error: Channel error: cannot send/recv

1526422476605	geckodriver	INFO	geckodriver 0.20.1
1526422476614	geckodriver	INFO	Listening on 127.0.0.1:54703
1526422479652	mozrunner::runner	INFO	Running command: "C:\\Program Files\\Mozilla Firefox\\firefox.exe" "-marionette" "-profile" "C:\\Users\\andre\\AppData\\Local\\Temp\\rust_mozprofile.6QlRhiFYCU06"
Unable to read VR Path Registry from C:\Users\andre\AppData\Local\openvr\openvrpaths.vrpath
Unable to read VR Path Registry from C:\Users\andre\AppData\Local\openvr\openvrpaths.vrpath
Unable to read VR Path Registry from C:\Users\andre\AppData\Local\openvr\openvrpaths.vrpath
Unable to read VR Path Registry from C:\Users\andre\AppData\Local\openvr\openvrpaths.vrpath
Unable to read VR Path Registry from C:\Users\andre\AppData\Local\openvr\openvrpaths.vrpath
1526422481995	Marionette	INFO	Listening on port 54711
1526422482842	Marionette	WARN	TLS certificate errors will be ignored for this session
1526422482920	geckodriver	INFO	geckodriver 0.20.1
1526422482930	geckodriver	INFO	Listening on 127.0.0.1:54731
1526422485980	mozrunner::runner	INFO	Running command: "C:\\Program Files\\Mozilla Firefox\\firefox.exe" "-marionette" "-profile" "C:\\Users\\andre\\AppData\\Local\\Temp\\rust_mozprofile.6AXt2s68I7SX"
Unable to read VR Path Registry from C:\Users\andre\AppData\Local\openvr\openvrpaths.vrpath
Unable to read VR Path Registry from C:\Users\andre\AppData\Local\openvr\openvrpaths.vrpath
Unable to read VR Path Registry from C:\Users\andre\AppData\Local\openvr\openvrpaths.vrpath
Unable to read VR Path Registry from C:\Users\andre\AppData\Local\openvr\openvrpaths.vrpath
1526422488485	Marionette	INFO	Listening on port 54742
Unable to read VR Path Registry from C:\Users\andre\AppData\Local\openvr\openvrpaths.vrpath
1526422489131	Marionette	WARN	TLS certificate errors will be ignored for this session
[Parent 18352, Gecko_IOThread] WARNING: pipe error: 109: file z:/build/build/src/ipc/chromium/src/chrome/common/ipc_channel_win.cc, line 346
[Child 18924, Chrome_ChildThread] WARNING: pipe error: 109: file z:/build/build/src/ipc/chromium/src/chrome/common/ipc_channel_win.cc, line 346
[Child 189[Parent 18352, Gecko_IOThread] WARNING: pipe error: 109: file z:/build/build/src/ipc/chromium/src/chrome/common/ipc_channel_win.cc, line 346
[Child 11580, Chrome_ChildThread] WARNING: pipe error: 109: file z:/build/build/src/ipc/chromium/src/chrome/common/ipc_channel_win.cc, line 346
[Child 11580, Chrom[Parent 18352, Gecko_IOThread] WARNING: pipe error: 109: file z:/build/build/src/ipc/chromium/src/chrome/common/ipc_channel_win.cc, line 346
*** UTM:SVC TimerManager:registerTimer called after profile-before-change notification. Ignoring timer registration for id: telemetry_modules_ping

###!!! [Child][MessageChannel::SendAndWait] Error: Channel error: cannot send/recv

1526422810613	geckodriver	INFO	geckodriver 0.20.1
1526422810622	geckodriver	INFO	Listening on 127.0.0.1:54868
1526422813652	mozrunner::runner	INFO	Running command: "C:\\Program Files\\Mozilla Firefox\\firefox.exe" "-marionette" "-profile" "C:\\Users\\andre\\AppData\\Local\\Temp\\rust_mozprofile.YsBjxRTWp4Xy"
Unable to read VR Path Registry from C:\Users\andre\AppData\Local\openvr\openvrpaths.vrpath
Unable to read VR Path Registry from C:\Users\andre\AppData\Local\openvr\openvrpaths.vrpath
Unable to read VR Path Registry from C:\Users\andre\AppData\Local\openvr\openvrpaths.vrpath
Unable to read VR Path Registry from C:\Users\andre\AppData\Local\openvr\openvrpaths.vrpath
Unable to read VR Path Registry from C:\Users\andre\AppData\Local\openvr\openvrpaths.vrpath
1526422815885	Marionette	INFO	Listening on port 54876
1526422816822	Marionette	WARN	TLS certificate errors will be ignored for this session
1526422816945	geckodriver	INFO	geckodriver 0.20.1
1526422816958	geckodriver	INFO	Listening on 127.0.0.1:54895
1526422820015	mozrunner::runner	INFO	Running command: "C:\\Program Files\\Mozilla Firefox\\firefox.exe" "-marionette" "-profile" "C:\\Users\\andre\\AppData\\Local\\Temp\\rust_mozprofile.DVbGz2auVDkA"
Unable to read VR Path Registry from C:\Users\andre\AppData\Local\openvr\openvrpaths.vrpath
Unable to read VR Path Registry from C:\Users\andre\AppData\Local\openvr\openvrpaths.vrpath
Unable to read VR Path Registry from C:\Users\andre\AppData\Local\openvr\openvrpaths.vrpath
Unable to read VR Path Registry from C:\Users\andre\AppData\Local\openvr\openvrpaths.vrpath
1526422822793	Marionette	INFO	Listening on port 54906
1526422823162	Marionette	WARN	TLS certificate errors will be ignored for this session
Unable to read VR Path Registry from C:\Users\andre\AppData\Local\openvr\openvrpaths.vrpath
[Parent 9124, Gecko_IOThread] WARNING: pipe error: 109: file z:/build/build/src/ipc/chromium/src/chrome/common/ipc_channel_win.cc, line 346
[Child 16624, Chrome_ChildThread] WARNING: pipe error: 109: file z:/build/build/src/ipc/chromium/src/chrome/common/ipc_channel_win.cc, line 346
[Child 16624, Ch[Child 17044, Chrome_ChildThread] WARNING: pipe error: 109: file z:/build/build/src/ipc/chromium/src/chrome/common/ipc_channel_win.cc, line 346
[Child 17044[Parent 9124, Gecko_IOThread] WARNING: pipe error: 109: file z:/build/build/src/ipc/chromium/src/chrome/common/ipc_channel_win.cc, line 346
[Child 20896, Chrome_ChildThread] WARNING: pipe error: 109: file z:/build/build/src/ipc/chromium/src/chrome/common/ipc_channel_win.cc, line 346
[Child 20896, *** UTM:SVC TimerManager:registerTimer called after profile-before-change notification. Ignoring timer registration for id: telemetry_modules_ping

###!!! [Child][MessageChannel::SendAndWait] Error: Channel error: cannot send/recv

1526422925231	geckodriver	INFO	geckodriver 0.20.1
1526422925240	geckodriver	INFO	Listening on 127.0.0.1:54974
1526422928301	mozrunner::runner	INFO	Running command: "C:\\Program Files\\Mozilla Firefox\\firefox.exe" "-marionette" "-profile" "C:\\Users\\andre\\AppData\\Local\\Temp\\rust_mozprofile.3g3yHRc2QDl8"
Unable to read VR Path Registry from C:\Users\andre\AppData\Local\openvr\openvrpaths.vrpath
Unable to read VR Path Registry from C:\Users\andre\AppData\Local\openvr\openvrpaths.vrpath
Unable to read VR Path Registry from C:\Users\andre\AppData\Local\openvr\openvrpaths.vrpath
Unable to read VR Path Registry from C:\Users\andre\AppData\Local\openvr\openvrpaths.vrpath
Unable to read VR Path Registry from C:\Users\andre\AppData\Local\openvr\openvrpaths.vrpath
1526422930699	Marionette	INFO	Listening on port 54982
1526422931448	Marionette	WARN	TLS certificate errors will be ignored for this session
1526422931520	geckodriver	INFO	geckodriver 0.20.1
1526422931530	geckodriver	INFO	Listening on 127.0.0.1:55002
1526422934562	mozrunner::runner	INFO	Running command: "C:\\Program Files\\Mozilla Firefox\\firefox.exe" "-marionette" "-profile" "C:\\Users\\andre\\AppData\\Local\\Temp\\rust_mozprofile.kR5SPx1Fgv65"
Unable to read VR Path Registry from C:\Users\andre\AppData\Local\openvr\openvrpaths.vrpath
Unable to read VR Path Registry from C:\Users\andre\AppData\Local\openvr\openvrpaths.vrpath
Unable to read VR Path Registry from C:\Users\andre\AppData\Local\openvr\openvrpaths.vrpath
Unable to read VR Path Registry from C:\Users\andre\AppData\Local\openvr\openvrpaths.vrpath
1526422937099	Marionette	INFO	Listening on port 55013
Unable to read VR Path Registry from C:\Users\andre\AppData\Local\openvr\openvrpaths.vrpath
1526422937687	Marionette	WARN	TLS certificate errors will be ignored for this session
[Parent 19924, Gecko_IOThread] WARNING: pipe error: 109: file z:/build/build/src/ipc/chromium/src/chrome/common/ipc_channel_win.cc, line 346
[Child 872, Chrome_ChildThread] WARNING: pipe error: 109: file z:/build/build/src/ipc/chromium/src/chrome/common/ipc_channel_win.cc, line 346
[Child 872, Chrome_ChildThread] WARNING: pipe error: 109: file z:/build/build/src/ipc/chromium/src/chrome/common/ipc_channel_win.cc, line 346
[Parent 19924, Gecko_IOThread] WARNING: pipe error: 109: file z:/build/build/src/ipc/chromium/src/chrome/common/ipc_channel_win.cc, line 346
[Parent 19924, Gecko_IOThread] WARNING: pipe error: 109: file z:/build/build/src/ipc/chromium/src/chrome/common/ipc_channel_win.cc, line 346
*** UTM:SVC TimerManager:registerTimer called after profile-before-change notification. Ignoring timer registration for id: telemetry_modules_ping

###!!! [Child][MessageChannel::SendAndWait] Error: Channel error: cannot send/recv

1526423065769	geckodriver	INFO	geckodriver 0.20.1
1526423065778	geckodriver	INFO	Listening on 127.0.0.1:55071
1526423068821	mozrunner::runner	INFO	Running command: "C:\\Program Files\\Mozilla Firefox\\firefox.exe" "-marionette" "-profile" "C:\\Users\\andre\\AppData\\Local\\Temp\\rust_mozprofile.cRfq6d6Ricgh"
Unable to read VR Path Registry from C:\Users\andre\AppData\Local\openvr\openvrpaths.vrpath
Unable to read VR Path Registry from C:\Users\andre\AppData\Local\openvr\openvrpaths.vrpath
Unable to read VR Path Registry from C:\Users\andre\AppData\Local\openvr\openvrpaths.vrpath
Unable to read VR Path Registry from C:\Users\andre\AppData\Local\openvr\openvrpaths.vrpath
Unable to read VR Path Registry from C:\Users\andre\AppData\Local\openvr\openvrpaths.vrpath
1526423071275	Marionette	INFO	Listening on port 55079
1526423072013	Marionette	WARN	TLS certificate errors will be ignored for this session
1526423072099	geckodriver	INFO	geckodriver 0.20.1
1526423072109	geckodriver	INFO	Listening on 127.0.0.1:55099
1526423075130	mozrunner::runner	INFO	Running command: "C:\\Program Files\\Mozilla Firefox\\firefox.exe" "-marionette" "-profile" "C:\\Users\\andre\\AppData\\Local\\Temp\\rust_mozprofile.mQgJ58F8OXzj"
Unable to read VR Path Registry from C:\Users\andre\AppData\Local\openvr\openvrpaths.vrpath
Unable to read VR Path Registry from C:\Users\andre\AppData\Local\openvr\openvrpaths.vrpath
Unable to read VR Path Registry from C:\Users\andre\AppData\Local\openvr\openvrpaths.vrpath
Unable to read VR Path Registry from C:\Users\andre\AppData\Local\openvr\openvrpaths.vrpath
1526423077455	Marionette	INFO	Listening on port 55110
Unable to read VR Path Registry from C:\Users\andre\AppData\Local\openvr\openvrpaths.vrpath
1526423078271	Marionette	WARN	TLS certificate errors will be ignored for this session
[Child 17112, Chrome_ChildThread] WARNING: pipe error: 109: file z:/build/build/src/ipc/chromium/src/chrome/common/ipc_channel_win.cc, line 346
[Child 17112[Child 1020, Chrome_ChildThread] WARNING: pipe error: 109: file z:/build/build/src/ipc/chromium/src/chrome/common/ipc_channel_win.cc, line 346
[Child 1020, Chrome_ChildThread] WARNING: pipe error: 1[Parent 13088, Gecko_IOThread] WARNING: pipe error: 109: file z:/build/build/src/ipc/chromium/src/chrome/common/ipc_channel_win.cc, line 346
[*** UTM:SVC TimerManager:registerTimer called after profile-before-change notification. Ignoring timer registration for id: telemetry_modules_ping

###!!! [Child][MessageChannel::SendAndWait] Error: Channel error: cannot send/recv

1526423210114	geckodriver	INFO	geckodriver 0.20.1
1526423210123	geckodriver	INFO	Listening on 127.0.0.1:55166
1526423213177	mozrunner::runner	INFO	Running command: "C:\\Program Files\\Mozilla Firefox\\firefox.exe" "-marionette" "-profile" "C:\\Users\\andre\\AppData\\Local\\Temp\\rust_mozprofile.FTOBwpQGVOQk"
Unable to read VR Path Registry from C:\Users\andre\AppData\Local\openvr\openvrpaths.vrpath
Unable to read VR Path Registry from C:\Users\andre\AppData\Local\openvr\openvrpaths.vrpath
Unable to read VR Path Registry from C:\Users\andre\AppData\Local\openvr\openvrpaths.vrpath
Unable to read VR Path Registry from C:\Users\andre\AppData\Local\openvr\openvrpaths.vrpath
Unable to read VR Path Registry from C:\Users\andre\AppData\Local\openvr\openvrpaths.vrpath
1526423215431	Marionette	INFO	Listening on port 55174
1526423216327	Marionette	WARN	TLS certificate errors will be ignored for this session
1526423216421	geckodriver	INFO	geckodriver 0.20.1
1526423216430	geckodriver	INFO	Listening on 127.0.0.1:55193
1526423219493	mozrunner::runner	INFO	Running command: "C:\\Program Files\\Mozilla Firefox\\firefox.exe" "-marionette" "-profile" "C:\\Users\\andre\\AppData\\Local\\Temp\\rust_mozprofile.J8AeNz97cBsp"
Unable to read VR Path Registry from C:\Users\andre\AppData\Local\openvr\openvrpaths.vrpath
Unable to read VR Path Registry from C:\Users\andre\AppData\Local\openvr\openvrpaths.vrpath
Unable to read VR Path Registry from C:\Users\andre\AppData\Local\openvr\openvrpaths.vrpath
Unable to read VR Path Registry from C:\Users\andre\AppData\Local\openvr\openvrpaths.vrpath
IPDL protocol error: Handler returned error code!

###!!! [Parent][DispatchAsyncMessage] Error: PLayerTransaction::Msg_ReleaseLayer Processing error: message was deserialized, but the handler returned false (indicating failure)

IPDL protocol error: Handler returned error code!

###!!! [Parent][DispatchAsyncMessage] Error: PLayerTransaction::Msg_ReleaseLayer Processing error: message was deserialized, but the handler returned false (indicating failure)

1526423222157	Marionette	INFO	Listening on port 55205
Unable to read VR Path Registry from C:\Users\andre\AppData\Local\openvr\openvrpaths.vrpath
1526423222675	Marionette	WARN	TLS certificate errors will be ignored for this session
[Child 19260, Chrome_ChildThread] WARNING: pipe error: 109: file z:/build/build/src/ipc/chromium/src/chrome/common/ipc_channel_win.cc, line 346
[Child 19260, Chrome_ChildThread] WARNING: pipe error: 109: fi[Child 16744, Chrome_ChildThread] WARNING: pipe error: 109: file z:/build/build/src/ipc/chromium/src/chrome/common/ipc_channel_win.cc, line 346
[Child 16744, Ch[Parent 22104, Gecko_IOThread] WARNING: pipe error: 109: file z:/build/build/src/ipc/chromium/src/chrome/common/ipc_channel_win.cc, line 346
[Child 14852, Chrome_ChildThread] WARNING: pipe error: 109: file z:/build/build/src/ipc/chromium/src/chrome/common/ipc_channel_win.cc, line 346
[Child 14852, Chrome_ChildThread] *** UTM:SVC TimerManager:registerTimer called after profile-before-change notification. Ignoring timer registration for id: telemetry_modules_ping

###!!! [Child][MessageChannel::SendAndWait] Error: Channel error: cannot send/recv

1526423249336	geckodriver	INFO	geckodriver 0.20.1
1526423249344	geckodriver	INFO	Listening on 127.0.0.1:55252
1526423252392	mozrunner::runner	INFO	Running command: "C:\\Program Files\\Mozilla Firefox\\firefox.exe" "-marionette" "-profile" "C:\\Users\\andre\\AppData\\Local\\Temp\\rust_mozprofile.t7f7mQuT478r"
Unable to read VR Path Registry from C:\Users\andre\AppData\Local\openvr\openvrpaths.vrpath
Unable to read VR Path Registry from C:\Users\andre\AppData\Local\openvr\openvrpaths.vrpath
Unable to read VR Path Registry from C:\Users\andre\AppData\Local\openvr\openvrpaths.vrpath
Unable to read VR Path Registry from C:\Users\andre\AppData\Local\openvr\openvrpaths.vrpath
Unable to read VR Path Registry from C:\Users\andre\AppData\Local\openvr\openvrpaths.vrpath
1526423254833	Marionette	INFO	Listening on port 55260
1526423255573	Marionette	WARN	TLS certificate errors will be ignored for this session
1526423255668	geckodriver	INFO	geckodriver 0.20.1
1526423255680	geckodriver	INFO	Listening on 127.0.0.1:55279
1526423258746	mozrunner::runner	INFO	Running command: "C:\\Program Files\\Mozilla Firefox\\firefox.exe" "-marionette" "-profile" "C:\\Users\\andre\\AppData\\Local\\Temp\\rust_mozprofile.ODaNxujaKhxc"
Unable to read VR Path Registry from C:\Users\andre\AppData\Local\openvr\openvrpaths.vrpath
Unable to read VR Path Registry from C:\Users\andre\AppData\Local\openvr\openvrpaths.vrpath
Unable to read VR Path Registry from C:\Users\andre\AppData\Local\openvr\openvrpaths.vrpath
Unable to read VR Path Registry from C:\Users\andre\AppData\Local\openvr\openvrpaths.vrpath
1526423261210	Marionette	INFO	Listening on port 55290
Unable to read VR Path Registry from C:\Users\andre\AppData\Local\openvr\openvrpaths.vrpath
1526423261899	Marionette	WARN	TLS certificate errors will be ignored for this session
[Parent 22580, Gecko_IOThread] WARNING: pipe error: 109: file z:/build/build/src/ipc/chromium/src/chrome/common/ipc_channel_win.cc, line 346
[Child 23240, Chrome_ChildThread] WARNING: pipe error: 109: file z:/build/build/src/ipc/chromium/src/chrome/common/ipc_channel_win.cc, line 346
[Parent 22580, Gecko_IOThread] WARNING: pipe error: 109: file z:/build/build/src/ipc/chromium/src/chrome/common/ipc_channel_win.cc, line 346
[Child 22884, Chrome_ChildThread] WARNING: pipe error: 109: file z:/build/build/src/ipc/chromium/src/chrome/common/ipc_channel_win.cc, line 346
[Child 22884, Chrome_ChildThread] WARNING: pipe error: 109: file z:/build/build/src/ipc/chromium/src/chrome/common/ipc_channel_win.cc, line 346
[Parent 22580, Gecko_IOThread] WARNING: pipe error: 109: file z:/build/build/src/ipc/chromium/src/chrome/common/ipc_channel_win.cc, line 346
[Child 22860, Chrome_ChildThread] WARNING: pipe error: 109: file z:/build/build/src/ipc/chromium/src/chrome/common/ipc_channel_win.cc, line 346
[Child 22860, Chrome_ChildThread] WARNING: pipe error: 109: file z:/build/build/src/ipc/chromium/src/chrome/common/ipc_channel_win.cc, line 346
*** UTM:SVC TimerManager:registerTimer called after profile-before-change notification. Ignoring timer registration for id: telemetry_modules_ping

###!!! [Child][MessageChannel::SendAndWait] Error: Channel error: cannot send/recv

